#
# There is insufficient memory for the Java Runtime Environment to continue.
# Native memory allocation (mmap) failed to map 71303168 bytes for Failed to commit area from 0x0000000095d00000 to 0x000000009a100000 of length 71303168.
# Possible reasons:
#   The system is out of physical RAM or swap space
#   The process is running with CompressedOops enabled, and the Java Heap may be blocking the growth of the native heap
# Possible solutions:
#   Reduce memory load on the system
#   Increase physical memory or swap space
#   Check if swap backing store is full
#   Decrease Java heap size (-Xmx/-Xms)
#   Decrease number of Java threads
#   Decrease Java thread stack sizes (-Xss)
#   Set larger code cache with -XX:ReservedCodeCacheSize=
#   JVM is running with Unscaled Compressed Oops mode in which the Java heap is
#     placed in the first 4GB address space. The Java Heap base address is the
#     maximum limit for the native heap growth. Please use -XX:HeapBaseMinAddress
#     to set the Java Heap base and to place the Java Heap above 4GB virtual address.
# This output file may be truncated or incomplete.
#
#  Out of Memory Error (./src/hotspot/os/windows/os_windows.cpp:3301), pid=8432, tid=5024
#
# JRE version: OpenJDK Runtime Environment (11.0.10) (build 11.0.10+0-b96-7249189)
# Java VM: OpenJDK 64-Bit Server VM (11.0.10+0-b96-7249189, mixed mode, tiered, compressed oops, g1 gc, windows-amd64)
# No core dump will be written. Minidumps are not enabled by default on client versions of Windows
#

---------------  S U M M A R Y ------------

Command Line: --add-opens=java.base/java.util=ALL-UNNAMED --add-opens=java.base/java.lang=ALL-UNNAMED --add-opens=java.base/java.lang.invoke=ALL-UNNAMED --add-opens=java.base/java.util=ALL-UNNAMED --add-opens=java.prefs/java.util.prefs=ALL-UNNAMED --add-opens=java.prefs/java.util.prefs=ALL-UNNAMED --add-opens=java.base/java.nio.charset=ALL-UNNAMED --add-opens=java.base/java.net=ALL-UNNAMED --add-opens=java.base/java.util.concurrent.atomic=ALL-UNNAMED -Xmx2048m -Dfile.encoding=UTF-8 -Duser.country=ID -Duser.language=en -Duser.variant org.gradle.launcher.daemon.bootstrap.GradleDaemon 7.0.2

Host: Intel(R) Core(TM) i5-3470 CPU @ 3.20GHz, 4 cores, 7G,  Windows 10 , 64 bit Build 19041 (10.0.19041.1202)
Time: Fri Oct 15 17:54:27 2021 SE Asia Standard Time elapsed time: 7802.314057 seconds (0d 2h 10m 2s)

---------------  T H R E A D  ---------------

Current thread (0x000002d14feb8000):  VMThread "VM Thread" [stack: 0x000000d75b000000,0x000000d75b100000] [id=5024]

Stack: [0x000000d75b000000,0x000000d75b100000]
[error occurred during error reporting (printing stack bounds), id 0xc0000005, EXCEPTION_ACCESS_VIOLATION (0xc0000005) at pc=0x000002d139660f2d]

Native frames: (J=compiled Java code, j=interpreted, Vv=VM code, C=native code)
V  [jvm.dll+0x5ecfaa]
V  [jvm.dll+0x722bd5]
V  [jvm.dll+0x72412d]
V  [jvm.dll+0x724745]
V  [jvm.dll+0x7246fb]
V  [jvm.dll+0x5ec348]
V  [jvm.dll+0x5ecad8]
C  [ntdll.dll+0xa20cf]
C  [ntdll.dll+0x51454]
C  [ntdll.dll+0xa0bfe]
C  0x000002d139660f2d

VM_Operation (0x000000d75d1f9360): G1CollectForAllocation, mode: safepoint, requested by thread 0x000002d1545a8800


---------------  P R O C E S S  ---------------

Threads class SMR info:
_java_thread_list=0x000002d158e684a0, length=66, elements={
0x000002d13436d000, 0x000002d14febd000, 0x000002d14feca800, 0x000002d150852800,
0x000002d14fed8800, 0x000002d14feda800, 0x000002d14fee1800, 0x000002d14fee9000,
0x000002d14feed000, 0x000002d150993800, 0x000002d15225a000, 0x000002d1521a0800,
0x000002d1518ab800, 0x000002d151e4c800, 0x000002d151e4a000, 0x000002d151e4c000,
0x000002d152661000, 0x000002d152663800, 0x000002d15265f800, 0x000002d152660800,
0x000002d15266c800, 0x000002d152667000, 0x000002d15266e000, 0x000002d153277800,
0x000002d153276800, 0x000002d15327f800, 0x000002d15266b000, 0x000002d1545a4800,
0x000002d1545ab800, 0x000002d1545a7000, 0x000002d1545a7800, 0x000002d153279000,
0x000002d15327e800, 0x000002d153271800, 0x000002d153275800, 0x000002d153274000,
0x000002d153278000, 0x000002d153272800, 0x000002d15327c000, 0x000002d15327e000,
0x000002d153279800, 0x000002d153280800, 0x000002d15327a800, 0x000002d15327b800,
0x000002d1545a2000, 0x000002d1545a1000, 0x000002d1545a8800, 0x000002d1545a2800,
0x000002d1545af000, 0x000002d1545ab000, 0x000002d1545a3800, 0x000002d1545ac800,
0x000002d1545a9000, 0x000002d1545ad800, 0x000002d1545ae000, 0x000002d152662000,
0x000002d152668800, 0x000002d152664800, 0x000002d15266a000, 0x000002d152665000,
0x000002d152669800, 0x000002d152667800, 0x000002d151e4b000, 0x000002d158680000,
0x000002d15459f000, 0x000002d158683800
}

Java Threads: ( => current thread )
  0x000002d13436d000 JavaThread "main" [_thread_blocked, id=7412, stack(0x000000d75aa00000,0x000000d75ab00000)]
  0x000002d14febd000 JavaThread "Reference Handler" daemon [_thread_blocked, id=3212, stack(0x000000d75b100000,0x000000d75b200000)]
  0x000002d14feca800 JavaThread "Finalizer" daemon [_thread_blocked, id=7616, stack(0x000000d75b200000,0x000000d75b300000)]
  0x000002d150852800 JavaThread "Signal Dispatcher" daemon [_thread_blocked, id=6832, stack(0x000000d75b300000,0x000000d75b400000)]
  0x000002d14fed8800 JavaThread "Attach Listener" daemon [_thread_blocked, id=7088, stack(0x000000d75b400000,0x000000d75b500000)]
  0x000002d14feda800 JavaThread "Service Thread" daemon [_thread_blocked, id=8416, stack(0x000000d75b500000,0x000000d75b600000)]
  0x000002d14fee1800 JavaThread "C2 CompilerThread0" daemon [_thread_blocked, id=588, stack(0x000000d75b600000,0x000000d75b700000)]
  0x000002d14fee9000 JavaThread "C1 CompilerThread0" daemon [_thread_blocked, id=7320, stack(0x000000d75b700000,0x000000d75b800000)]
  0x000002d14feed000 JavaThread "Sweeper thread" daemon [_thread_blocked, id=532, stack(0x000000d75b800000,0x000000d75b900000)]
  0x000002d150993800 JavaThread "Common-Cleaner" daemon [_thread_blocked, id=6872, stack(0x000000d75b900000,0x000000d75ba00000)]
  0x000002d15225a000 JavaThread "Daemon health stats" [_thread_blocked, id=8160, stack(0x000000d75be00000,0x000000d75bf00000)]
  0x000002d1521a0800 JavaThread "Incoming local TCP Connector on port 50889" [_thread_in_native, id=6172, stack(0x000000d75bf00000,0x000000d75c000000)]
  0x000002d1518ab800 JavaThread "Daemon periodic checks" [_thread_blocked, id=8176, stack(0x000000d75c000000,0x000000d75c100000)]
  0x000002d151e4c800 JavaThread "Cache worker for file hash cache (C:\Users\Danish\.gradle\caches\7.0.2\fileHashes)" [_thread_blocked, id=2088, stack(0x000000d75c900000,0x000000d75ca00000)]
  0x000002d151e4a000 JavaThread "File lock request listener" [_thread_in_native, id=3312, stack(0x000000d75ca00000,0x000000d75cb00000)]
  0x000002d151e4c000 JavaThread "Cache worker for journal cache (C:\Users\Danish\.gradle\caches\journal-1)" [_thread_blocked, id=7196, stack(0x000000d75cb00000,0x000000d75cc00000)]
  0x000002d152661000 JavaThread "File watcher server" daemon [_thread_blocked, id=5448, stack(0x000000d75cd00000,0x000000d75ce00000)]
  0x000002d152663800 JavaThread "File watcher consumer" daemon [_thread_blocked, id=6452, stack(0x000000d75ce00000,0x000000d75cf00000)]
  0x000002d15265f800 JavaThread "Cache worker for execution history cache (C:\Users\Danish\.gradle\caches\7.0.2\executionHistory)" [_thread_blocked, id=552, stack(0x000000d75d200000,0x000000d75d300000)]
  0x000002d152660800 JavaThread "jar transforms" [_thread_blocked, id=6840, stack(0x000000d75d300000,0x000000d75d400000)]
  0x000002d15266c800 JavaThread "jar transforms Thread 2" [_thread_blocked, id=4824, stack(0x000000d75d400000,0x000000d75d500000)]
  0x000002d152667000 JavaThread "Cache worker for file content cache (C:\Users\Danish\.gradle\caches\7.0.2\fileContent)" [_thread_blocked, id=6340, stack(0x000000d75d500000,0x000000d75d600000)]
  0x000002d15266e000 JavaThread "jar transforms Thread 3" [_thread_blocked, id=2056, stack(0x000000d75d700000,0x000000d75d800000)]
  0x000002d153277800 JavaThread "jar transforms Thread 4" [_thread_blocked, id=7244, stack(0x000000d75dd00000,0x000000d75de00000)]
  0x000002d153276800 JavaThread "Memory manager" [_thread_blocked, id=200, stack(0x000000d75de00000,0x000000d75df00000)]
  0x000002d15327f800 JavaThread "Cache worker for Java compile cache (C:\Users\Danish\.gradle\caches\7.0.2\javaCompile)" [_thread_blocked, id=3320, stack(0x000000d75ea00000,0x000000d75eb00000)]
  0x000002d15266b000 JavaThread "pool-6-thread-1" [_thread_blocked, id=5236, stack(0x000000d75e800000,0x000000d75e900000)]
  0x000002d1545a4800 JavaThread "pool-16-thread-1" [_thread_blocked, id=7356, stack(0x000000d75e200000,0x000000d75e300000)]
  0x000002d1545ab800 JavaThread "pool-22-thread-1" [_thread_blocked, id=7008, stack(0x000000d75e400000,0x000000d75e500000)]
  0x000002d1545a7000 JavaThread "pool-28-thread-1" [_thread_blocked, id=9968, stack(0x000000d75e500000,0x000000d75e600000)]
  0x000002d1545a7800 JavaThread "pool-35-thread-1" [_thread_blocked, id=8436, stack(0x000000d75e600000,0x000000d75e700000)]
  0x000002d153279000 JavaThread "pool-43-thread-1" [_thread_blocked, id=10000, stack(0x000000d75e700000,0x000000d75e800000)]
  0x000002d15327e800 JavaThread "ForkJoinPool.commonPool-worker-1" daemon [_thread_blocked, id=6548, stack(0x000000d75f000000,0x000000d75f100000)]
  0x000002d153271800 JavaThread "Daemon Thread 10" [_thread_blocked, id=4864, stack(0x000000d75a700000,0x000000d75a800000)]
  0x000002d153275800 JavaThread "Handler for socket connection from /127.0.0.1:50889 to /127.0.0.1:52901" [_thread_in_native, id=9444, stack(0x000000d75a800000,0x000000d75a900000)]
  0x000002d153274000 JavaThread "Cancel handler" [_thread_blocked, id=9120, stack(0x000000d75a900000,0x000000d75aa00000)]
  0x000002d153278000 JavaThread "Daemon worker Thread 10" [_thread_blocked, id=2692, stack(0x000000d75bb00000,0x000000d75bc00000)]
  0x000002d153272800 JavaThread "Asynchronous log dispatcher for DefaultDaemonConnection: socket connection from /127.0.0.1:50889 to /127.0.0.1:52901" [_thread_blocked, id=5788, stack(0x000000d75c100000,0x000000d75c200000)]
  0x000002d15327c000 JavaThread "Stdin handler" [_thread_blocked, id=9944, stack(0x000000d75c200000,0x000000d75c300000)]
  0x000002d15327e000 JavaThread "Daemon client event forwarder" [_thread_blocked, id=852, stack(0x000000d75c300000,0x000000d75c400000)]
  0x000002d153279800 JavaThread "Cache worker for file hash cache (F:\TUGAS\XI\Android Studio\App News\.gradle\7.0.2\fileHashes)" [_thread_blocked, id=2484, stack(0x000000d75c400000,0x000000d75c500000)]
  0x000002d153280800 JavaThread "Cache worker for checksums cache (F:\TUGAS\XI\Android Studio\App News\.gradle\checksums)" [_thread_blocked, id=2136, stack(0x000000d75c500000,0x000000d75c600000)]
  0x000002d15327a800 JavaThread "Cache worker for cache directory md-supplier (C:\Users\Danish\.gradle\caches\7.0.2\md-supplier)" [_thread_blocked, id=2744, stack(0x000000d75c600000,0x000000d75c700000)]
  0x000002d15327b800 JavaThread "Cache worker for cache directory md-rule (C:\Users\Danish\.gradle\caches\7.0.2\md-rule)" [_thread_blocked, id=6612, stack(0x000000d75c800000,0x000000d75c900000)]
  0x000002d1545a2000 JavaThread "Cache worker for dependencies-accessors (F:\TUGAS\XI\Android Studio\App News\.gradle\7.0.2\dependencies-accessors)" [_thread_blocked, id=5980, stack(0x000000d75cc00000,0x000000d75cd00000)]
  0x000002d1545a1000 JavaThread "Cache worker for Build Output Cleanup Cache (F:\TUGAS\XI\Android Studio\App News\.gradle\buildOutputCleanup)" [_thread_blocked, id=1196, stack(0x000000d75cf00000,0x000000d75d000000)]
  0x000002d1545a8800 JavaThread "Build operations" [_thread_blocked, id=8308, stack(0x000000d75d100000,0x000000d75d200000)]
  0x000002d1545a2800 JavaThread "Build operations Thread 2" [_thread_blocked, id=4484, stack(0x000000d75d600000,0x000000d75d700000)]
  0x000002d1545af000 JavaThread "Build operations Thread 3" [_thread_blocked, id=4364, stack(0x000000d75d800000,0x000000d75d900000)]
  0x000002d1545ab000 JavaThread "Build operations Thread 4" [_thread_blocked, id=6608, stack(0x000000d75d900000,0x000000d75da00000)]
  0x000002d1545a3800 JavaThread "build event listener" [_thread_blocked, id=6128, stack(0x000000d75da00000,0x000000d75db00000)]
  0x000002d1545ac800 JavaThread "Execution worker for ':'" [_thread_blocked, id=7300, stack(0x000000d75db00000,0x000000d75dc00000)]
  0x000002d1545a9000 JavaThread "Execution worker for ':' Thread 2" [_thread_blocked, id=8336, stack(0x000000d75dc00000,0x000000d75dd00000)]
  0x000002d1545ad800 JavaThread "Execution worker for ':' Thread 3" [_thread_blocked, id=5944, stack(0x000000d75df00000,0x000000d75e000000)]
  0x000002d1545ae000 JavaThread "Cache worker for execution history cache (F:\TUGAS\XI\Android Studio\App News\.gradle\7.0.2\executionHistory)" [_thread_blocked, id=4700, stack(0x000000d75e000000,0x000000d75e100000)]
  0x000002d152662000 JavaThread "WorkerExecutor Queue" [_thread_blocked, id=5384, stack(0x000000d75e100000,0x000000d75e200000)]
  0x000002d152668800 JavaThread "WorkerExecutor Queue Thread 2" [_thread_blocked, id=5444, stack(0x000000d75e300000,0x000000d75e400000)]
  0x000002d152664800 JavaThread "WorkerExecutor Queue Thread 3" [_thread_blocked, id=9272, stack(0x000000d75e900000,0x000000d75ea00000)]
  0x000002d15266a000 JavaThread "WorkerExecutor Queue Thread 4" [_thread_blocked, id=1900, stack(0x000000d75eb00000,0x000000d75ec00000)]
  0x000002d152665000 JavaThread "pool-53-thread-1" [_thread_blocked, id=9100, stack(0x000000d75ec00000,0x000000d75ed00000)]
  0x000002d152669800 JavaThread "stderr" [_thread_in_native, id=9752, stack(0x000000d75ed00000,0x000000d75ee00000)]
  0x000002d152667800 JavaThread "stdout" [_thread_in_native, id=5432, stack(0x000000d75ee00000,0x000000d75ef00000)]
  0x000002d151e4b000 JavaThread "Cache worker for Java compile cache (F:\TUGAS\XI\Android Studio\App News\.gradle\7.0.2\javaCompile)" [_thread_blocked, id=3504, stack(0x000000d75ef00000,0x000000d75f000000)]
  0x000002d158680000 JavaThread "pool-54-thread-1" [_thread_blocked, id=9540, stack(0x000000d75f300000,0x000000d75f400000)]
  0x000002d15459f000 JavaThread "C2 CompilerThread1" daemon [_thread_in_native, id=840, stack(0x000000d75d000000,0x000000d75d100000)]
  0x000002d158683800 JavaThread "Keep-Alive-Timer" daemon [_thread_blocked, id=2128, stack(0x000000d75f200000,0x000000d75f300000)]

Other Threads:
=>0x000002d14feb8000 VMThread "VM Thread" [stack: 0x000000d75b000000,0x000000d75b100000] [id=5024]
  0x000002d1509a8800 WatcherThread [stack: 0x000000d75ba00000,0x000000d75bb00000] [id=7028]
  0x000002d134385000 GCTaskThread "GC Thread#0" [stack: 0x000000d75ab00000,0x000000d75ac00000] [id=9052]
  0x000002d150e9a000 GCTaskThread "GC Thread#1" [stack: 0x000000d75bc00000,0x000000d75bd00000] [id=5324]
  0x000002d150b78800 GCTaskThread "GC Thread#2" [stack: 0x000000d75bd00000,0x000000d75be00000] [id=7952]
  0x000002d151482800 GCTaskThread "GC Thread#3" [stack: 0x000000d75c700000,0x000000d75c800000] [id=7312]
  0x000002d1343b7800 ConcurrentGCThread "G1 Main Marker" [stack: 0x000000d75ac00000,0x000000d75ad00000] [id=8212]
  0x000002d1343b8800 ConcurrentGCThread "G1 Conc#0" [stack: 0x000000d75ad00000,0x000000d75ae00000] [id=236]
  0x000002d134445800 ConcurrentGCThread "G1 Refine#0" [stack: 0x000000d75ae00000,0x000000d75af00000] [id=3200]
  0x000002d134446800 ConcurrentGCThread "G1 Young RemSet Sampling" [stack: 0x000000d75af00000,0x000000d75b000000] [id=3416]

Threads with active compile tasks:
C2 CompilerThread07802338 37305 %     4       com.android.tools.r8.ir.regalloc.a::a @ 2157 (3985 bytes)
C2 CompilerThread17802338 37339       4       com.android.tools.r8.internal.Le::a (1137 bytes)

VM state:at safepoint (normal execution)

VM Mutex/Monitor currently owned by a thread:  ([mutex/lock_event])
[0x000002d134368b50] Threads_lock - owner thread: 0x000002d14feb8000
[0x000002d134369180] Heap_lock - owner thread: 0x000002d1545a8800

Heap address: 0x0000000080000000, size: 2048 MB, Compressed Oops mode: 32-bit
Narrow klass base: 0x0000000000000000, Narrow klass shift: 3
Compressed class space size: 1073741824 Address: 0x0000000100000000

Heap:
 garbage-first heap   total 427008K, used 195735K [0x0000000080000000, 0x0000000100000000)
  region size 1024K, 15 young (15360K), 15 survivors (15360K)
 Metaspace       used 162597K, capacity 167554K, committed 171560K, reserved 1200128K
  class space    used 19434K, capacity 21186K, committed 21964K, reserved 1048576K
Heap Regions: E=young(eden), S=young(survivor), O=old, HS=humongous(starts), HC=humongous(continues), CS=collection set, F=free, A=archive, TAMS=top-at-mark-start (previous, next)
|   0|0x0000000080000000, 0x0000000080100000, 0x0000000080100000|100%| O|  |TAMS 0x0000000080100000, 0x0000000080100000| Untracked 
|   1|0x0000000080100000, 0x0000000080200000, 0x0000000080200000|100%| O|  |TAMS 0x0000000080200000, 0x0000000080200000| Untracked 
|   2|0x0000000080200000, 0x0000000080300000, 0x0000000080300000|100%| O|  |TAMS 0x0000000080300000, 0x0000000080300000| Untracked 
|   3|0x0000000080300000, 0x0000000080400000, 0x0000000080400000|100%|HS|  |TAMS 0x0000000080400000, 0x0000000080400000| Complete 
|   4|0x0000000080400000, 0x0000000080500000, 0x0000000080500000|100%|HC|  |TAMS 0x0000000080500000, 0x0000000080500000| Complete 
|   5|0x0000000080500000, 0x0000000080600000, 0x0000000080600000|100%|HC|  |TAMS 0x0000000080600000, 0x0000000080600000| Complete 
|   6|0x0000000080600000, 0x0000000080700000, 0x0000000080700000|100%| O|  |TAMS 0x0000000080700000, 0x0000000080700000| Untracked 
|   7|0x0000000080700000, 0x0000000080800000, 0x0000000080800000|100%| O|  |TAMS 0x0000000080800000, 0x0000000080800000| Untracked 
|   8|0x0000000080800000, 0x0000000080900000, 0x0000000080900000|100%| O|  |TAMS 0x0000000080900000, 0x0000000080900000| Untracked 
|   9|0x0000000080900000, 0x0000000080a00000, 0x0000000080a00000|100%| O|  |TAMS 0x0000000080a00000, 0x0000000080a00000| Untracked 
|  10|0x0000000080a00000, 0x0000000080b00000, 0x0000000080b00000|100%| O|  |TAMS 0x0000000080b00000, 0x0000000080b00000| Untracked 
|  11|0x0000000080b00000, 0x0000000080c00000, 0x0000000080c00000|100%| O|  |TAMS 0x0000000080c00000, 0x0000000080c00000| Untracked 
|  12|0x0000000080c00000, 0x0000000080d00000, 0x0000000080d00000|100%| O|  |TAMS 0x0000000080d00000, 0x0000000080d00000| Untracked 
|  13|0x0000000080d00000, 0x0000000080e00000, 0x0000000080e00000|100%| O|  |TAMS 0x0000000080e00000, 0x0000000080e00000| Untracked 
|  14|0x0000000080e00000, 0x0000000080f00000, 0x0000000080f00000|100%| O|  |TAMS 0x0000000080f00000, 0x0000000080f00000| Untracked 
|  15|0x0000000080f00000, 0x0000000081000000, 0x0000000081000000|100%| O|  |TAMS 0x0000000081000000, 0x0000000081000000| Untracked 
|  16|0x0000000081000000, 0x0000000081100000, 0x0000000081100000|100%|HS|  |TAMS 0x0000000081100000, 0x0000000081100000| Complete 
|  17|0x0000000081100000, 0x0000000081200000, 0x0000000081200000|100%| O|  |TAMS 0x0000000081200000, 0x0000000081200000| Untracked 
|  18|0x0000000081200000, 0x0000000081300000, 0x0000000081300000|100%| O|  |TAMS 0x0000000081300000, 0x0000000081300000| Untracked 
|  19|0x0000000081300000, 0x0000000081400000, 0x0000000081400000|100%| O|  |TAMS 0x0000000081400000, 0x0000000081400000| Untracked 
|  20|0x0000000081400000, 0x0000000081500000, 0x0000000081500000|100%| O|  |TAMS 0x0000000081500000, 0x0000000081500000| Untracked 
|  21|0x0000000081500000, 0x0000000081600000, 0x0000000081600000|100%| O|  |TAMS 0x0000000081600000, 0x0000000081600000| Untracked 
|  22|0x0000000081600000, 0x0000000081700000, 0x0000000081700000|100%| O|  |TAMS 0x0000000081700000, 0x0000000081700000| Untracked 
|  23|0x0000000081700000, 0x0000000081800000, 0x0000000081800000|100%|HS|  |TAMS 0x0000000081800000, 0x0000000081800000| Complete 
|  24|0x0000000081800000, 0x0000000081900000, 0x0000000081900000|100%|HS|  |TAMS 0x0000000081900000, 0x0000000081900000| Complete 
|  25|0x0000000081900000, 0x0000000081a00000, 0x0000000081a00000|100%|HC|  |TAMS 0x0000000081a00000, 0x0000000081a00000| Complete 
|  26|0x0000000081a00000, 0x0000000081b00000, 0x0000000081b00000|100%| O|  |TAMS 0x0000000081b00000, 0x0000000081b00000| Untracked 
|  27|0x0000000081b00000, 0x0000000081c00000, 0x0000000081c00000|100%| O|  |TAMS 0x0000000081c00000, 0x0000000081c00000| Untracked 
|  28|0x0000000081c00000, 0x0000000081d00000, 0x0000000081d00000|100%| O|  |TAMS 0x0000000081d00000, 0x0000000081d00000| Untracked 
|  29|0x0000000081d00000, 0x0000000081e00000, 0x0000000081e00000|100%| O|  |TAMS 0x0000000081e00000, 0x0000000081e00000| Untracked 
|  30|0x0000000081e00000, 0x0000000081f00000, 0x0000000081f00000|100%| O|  |TAMS 0x0000000081f00000, 0x0000000081f00000| Untracked 
|  31|0x0000000081f00000, 0x0000000082000000, 0x0000000082000000|100%| O|  |TAMS 0x0000000082000000, 0x0000000082000000| Untracked 
|  32|0x0000000082000000, 0x0000000082100000, 0x0000000082100000|100%| O|  |TAMS 0x0000000082100000, 0x0000000082100000| Untracked 
|  33|0x0000000082100000, 0x0000000082200000, 0x0000000082200000|100%| O|  |TAMS 0x0000000082200000, 0x0000000082200000| Untracked 
|  34|0x0000000082200000, 0x0000000082300000, 0x0000000082300000|100%| O|  |TAMS 0x0000000082300000, 0x0000000082300000| Untracked 
|  35|0x0000000082300000, 0x0000000082400000, 0x0000000082400000|100%| O|  |TAMS 0x0000000082400000, 0x0000000082400000| Untracked 
|  36|0x0000000082400000, 0x0000000082500000, 0x0000000082500000|100%| O|  |TAMS 0x0000000082500000, 0x0000000082500000| Untracked 
|  37|0x0000000082500000, 0x0000000082600000, 0x0000000082600000|100%| O|  |TAMS 0x0000000082600000, 0x0000000082600000| Untracked 
|  38|0x0000000082600000, 0x0000000082700000, 0x0000000082700000|100%| O|  |TAMS 0x0000000082700000, 0x0000000082700000| Untracked 
|  39|0x0000000082700000, 0x0000000082800000, 0x0000000082800000|100%| O|  |TAMS 0x0000000082800000, 0x0000000082800000| Untracked 
|  40|0x0000000082800000, 0x0000000082900000, 0x0000000082900000|100%| O|  |TAMS 0x0000000082900000, 0x0000000082900000| Untracked 
|  41|0x0000000082900000, 0x0000000082a00000, 0x0000000082a00000|100%| O|  |TAMS 0x0000000082a00000, 0x0000000082a00000| Untracked 
|  42|0x0000000082a00000, 0x0000000082b00000, 0x0000000082b00000|100%| O|  |TAMS 0x0000000082b00000, 0x0000000082b00000| Untracked 
|  43|0x0000000082b00000, 0x0000000082c00000, 0x0000000082c00000|100%| O|  |TAMS 0x0000000082c00000, 0x0000000082c00000| Untracked 
|  44|0x0000000082c00000, 0x0000000082d00000, 0x0000000082d00000|100%| O|  |TAMS 0x0000000082d00000, 0x0000000082d00000| Untracked 
|  45|0x0000000082d00000, 0x0000000082e00000, 0x0000000082e00000|100%| O|  |TAMS 0x0000000082e00000, 0x0000000082e00000| Untracked 
|  46|0x0000000082e00000, 0x0000000082f00000, 0x0000000082f00000|100%| O|  |TAMS 0x0000000082f00000, 0x0000000082f00000| Untracked 
|  47|0x0000000082f00000, 0x0000000083000000, 0x0000000083000000|100%| O|  |TAMS 0x0000000083000000, 0x0000000083000000| Untracked 
|  48|0x0000000083000000, 0x0000000083100000, 0x0000000083100000|100%| O|  |TAMS 0x0000000083100000, 0x0000000083100000| Untracked 
|  49|0x0000000083100000, 0x0000000083200000, 0x0000000083200000|100%| O|  |TAMS 0x0000000083200000, 0x0000000083200000| Untracked 
|  50|0x0000000083200000, 0x0000000083300000, 0x0000000083300000|100%| O|  |TAMS 0x0000000083300000, 0x0000000083300000| Untracked 
|  51|0x0000000083300000, 0x0000000083400000, 0x0000000083400000|100%| O|  |TAMS 0x0000000083400000, 0x0000000083400000| Untracked 
|  52|0x0000000083400000, 0x0000000083500000, 0x0000000083500000|100%| O|  |TAMS 0x0000000083500000, 0x0000000083500000| Untracked 
|  53|0x0000000083500000, 0x0000000083525e00, 0x0000000083600000| 14%| O|  |TAMS 0x0000000083500000, 0x0000000083525e00| Untracked 
|  54|0x0000000083600000, 0x0000000083700000, 0x0000000083700000|100%| O|  |TAMS 0x0000000083700000, 0x0000000083700000| Untracked 
|  55|0x0000000083700000, 0x0000000083800000, 0x0000000083800000|100%| O|  |TAMS 0x0000000083800000, 0x0000000083800000| Untracked 
|  56|0x0000000083800000, 0x0000000083900000, 0x0000000083900000|100%| O|  |TAMS 0x0000000083900000, 0x0000000083900000| Untracked 
|  57|0x0000000083900000, 0x0000000083a00000, 0x0000000083a00000|100%| O|  |TAMS 0x0000000083a00000, 0x0000000083a00000| Untracked 
|  58|0x0000000083a00000, 0x0000000083b00000, 0x0000000083b00000|100%| O|  |TAMS 0x0000000083b00000, 0x0000000083b00000| Untracked 
|  59|0x0000000083b00000, 0x0000000083c00000, 0x0000000083c00000|100%| O|  |TAMS 0x0000000083c00000, 0x0000000083c00000| Untracked 
|  60|0x0000000083c00000, 0x0000000083d00000, 0x0000000083d00000|100%| O|  |TAMS 0x0000000083d00000, 0x0000000083d00000| Untracked 
|  61|0x0000000083d00000, 0x0000000083e00000, 0x0000000083e00000|100%| O|  |TAMS 0x0000000083e00000, 0x0000000083e00000| Untracked 
|  62|0x0000000083e00000, 0x0000000083f00000, 0x0000000083f00000|100%| O|  |TAMS 0x0000000083f00000, 0x0000000083f00000| Untracked 
|  63|0x0000000083f00000, 0x0000000084000000, 0x0000000084000000|100%| O|  |TAMS 0x0000000084000000, 0x0000000084000000| Untracked 
|  64|0x0000000084000000, 0x0000000084100000, 0x0000000084100000|100%| O|  |TAMS 0x0000000084100000, 0x0000000084100000| Untracked 
|  65|0x0000000084100000, 0x0000000084200000, 0x0000000084200000|100%| O|  |TAMS 0x0000000084200000, 0x0000000084200000| Untracked 
|  66|0x0000000084200000, 0x0000000084300000, 0x0000000084300000|100%| O|  |TAMS 0x0000000084300000, 0x0000000084300000| Untracked 
|  67|0x0000000084300000, 0x0000000084400000, 0x0000000084400000|100%| O|  |TAMS 0x0000000084400000, 0x0000000084400000| Untracked 
|  68|0x0000000084400000, 0x0000000084500000, 0x0000000084500000|100%| O|  |TAMS 0x0000000084500000, 0x0000000084500000| Untracked 
|  69|0x0000000084500000, 0x0000000084600000, 0x0000000084600000|100%| O|  |TAMS 0x0000000084600000, 0x0000000084600000| Untracked 
|  70|0x0000000084600000, 0x0000000084700000, 0x0000000084700000|100%| O|  |TAMS 0x0000000084700000, 0x0000000084700000| Untracked 
|  71|0x0000000084700000, 0x0000000084800000, 0x0000000084800000|100%| O|  |TAMS 0x0000000084800000, 0x0000000084800000| Untracked 
|  72|0x0000000084800000, 0x0000000084800000, 0x0000000084900000|  0%| F|  |TAMS 0x0000000084800000, 0x0000000084800000| Untracked 
|  73|0x0000000084900000, 0x0000000084a00000, 0x0000000084a00000|100%| O|  |TAMS 0x0000000084a00000, 0x0000000084a00000| Untracked 
|  74|0x0000000084a00000, 0x0000000084b00000, 0x0000000084b00000|100%| O|  |TAMS 0x0000000084b00000, 0x0000000084b00000| Untracked 
|  75|0x0000000084b00000, 0x0000000084c00000, 0x0000000084c00000|100%| O|  |TAMS 0x0000000084c00000, 0x0000000084c00000| Untracked 
|  76|0x0000000084c00000, 0x0000000084d00000, 0x0000000084d00000|100%| O|  |TAMS 0x0000000084d00000, 0x0000000084d00000| Untracked 
|  77|0x0000000084d00000, 0x0000000084e00000, 0x0000000084e00000|100%| O|  |TAMS 0x0000000084e00000, 0x0000000084e00000| Untracked 
|  78|0x0000000084e00000, 0x0000000084f00000, 0x0000000084f00000|100%| O|  |TAMS 0x0000000084f00000, 0x0000000084f00000| Untracked 
|  79|0x0000000084f00000, 0x0000000085000000, 0x0000000085000000|100%| O|  |TAMS 0x0000000085000000, 0x0000000085000000| Untracked 
|  80|0x0000000085000000, 0x0000000085100000, 0x0000000085100000|100%| O|  |TAMS 0x0000000085100000, 0x0000000085100000| Untracked 
|  81|0x0000000085100000, 0x0000000085200000, 0x0000000085200000|100%| O|  |TAMS 0x0000000085200000, 0x0000000085200000| Untracked 
|  82|0x0000000085200000, 0x0000000085300000, 0x0000000085300000|100%| O|  |TAMS 0x0000000085300000, 0x0000000085300000| Untracked 
|  83|0x0000000085300000, 0x0000000085400000, 0x0000000085400000|100%| O|  |TAMS 0x0000000085400000, 0x0000000085400000| Untracked 
|  84|0x0000000085400000, 0x0000000085500000, 0x0000000085500000|100%|HS|  |TAMS 0x0000000085500000, 0x0000000085500000| Complete 
|  85|0x0000000085500000, 0x0000000085600000, 0x0000000085600000|100%|HC|  |TAMS 0x0000000085600000, 0x0000000085600000| Complete 
|  86|0x0000000085600000, 0x0000000085700000, 0x0000000085700000|100%|HC|  |TAMS 0x0000000085700000, 0x0000000085700000| Complete 
|  87|0x0000000085700000, 0x0000000085800000, 0x0000000085800000|100%| O|  |TAMS 0x0000000085800000, 0x0000000085800000| Untracked 
|  88|0x0000000085800000, 0x0000000085900000, 0x0000000085900000|100%| O|  |TAMS 0x0000000085900000, 0x0000000085900000| Untracked 
|  89|0x0000000085900000, 0x0000000085a00000, 0x0000000085a00000|100%| O|  |TAMS 0x0000000085a00000, 0x0000000085a00000| Untracked 
|  90|0x0000000085a00000, 0x0000000085b00000, 0x0000000085b00000|100%| O|  |TAMS 0x0000000085b00000, 0x0000000085b00000| Untracked 
|  91|0x0000000085b00000, 0x0000000085c00000, 0x0000000085c00000|100%| O|  |TAMS 0x0000000085c00000, 0x0000000085c00000| Untracked 
|  92|0x0000000085c00000, 0x0000000085c00000, 0x0000000085d00000|  0%| F|  |TAMS 0x0000000085c00000, 0x0000000085c00000| Untracked 
|  93|0x0000000085d00000, 0x0000000085e00000, 0x0000000085e00000|100%| O|  |TAMS 0x0000000085e00000, 0x0000000085e00000| Untracked 
|  94|0x0000000085e00000, 0x0000000085f00000, 0x0000000085f00000|100%| O|  |TAMS 0x0000000085f00000, 0x0000000085f00000| Untracked 
|  95|0x0000000085f00000, 0x0000000085f00000, 0x0000000086000000|  0%| F|  |TAMS 0x0000000085f00000, 0x0000000085f00000| Untracked 
|  96|0x0000000086000000, 0x0000000086100000, 0x0000000086100000|100%| O|  |TAMS 0x0000000086100000, 0x0000000086100000| Untracked 
|  97|0x0000000086100000, 0x0000000086200000, 0x0000000086200000|100%| O|  |TAMS 0x0000000086200000, 0x0000000086200000| Untracked 
|  98|0x0000000086200000, 0x0000000086300000, 0x0000000086300000|100%|HS|  |TAMS 0x0000000086300000, 0x0000000086300000| Complete 
|  99|0x0000000086300000, 0x0000000086400000, 0x0000000086400000|100%|HC|  |TAMS 0x0000000086400000, 0x0000000086400000| Complete 
| 100|0x0000000086400000, 0x0000000086500000, 0x0000000086500000|100%| O|  |TAMS 0x0000000086500000, 0x0000000086500000| Untracked 
| 101|0x0000000086500000, 0x0000000086600000, 0x0000000086600000|100%| O|  |TAMS 0x0000000086600000, 0x0000000086600000| Untracked 
| 102|0x0000000086600000, 0x0000000086700000, 0x0000000086700000|100%| O|  |TAMS 0x0000000086700000, 0x0000000086700000| Untracked 
| 103|0x0000000086700000, 0x0000000086800000, 0x0000000086800000|100%| O|  |TAMS 0x0000000086800000, 0x0000000086800000| Untracked 
| 104|0x0000000086800000, 0x0000000086900000, 0x0000000086900000|100%| O|  |TAMS 0x0000000086900000, 0x0000000086900000| Untracked 
| 105|0x0000000086900000, 0x0000000086a00000, 0x0000000086a00000|100%| O|  |TAMS 0x0000000086a00000, 0x0000000086a00000| Untracked 
| 106|0x0000000086a00000, 0x0000000086b00000, 0x0000000086b00000|100%| O|  |TAMS 0x0000000086aa2a00, 0x0000000086b00000| Untracked 
| 107|0x0000000086b00000, 0x0000000086c00000, 0x0000000086c00000|100%| O|  |TAMS 0x0000000086c00000, 0x0000000086c00000| Untracked 
| 108|0x0000000086c00000, 0x0000000086d00000, 0x0000000086d00000|100%| O|  |TAMS 0x0000000086d00000, 0x0000000086d00000| Untracked 
| 109|0x0000000086d00000, 0x0000000086e00000, 0x0000000086e00000|100%| O|  |TAMS 0x0000000086e00000, 0x0000000086e00000| Untracked 
| 110|0x0000000086e00000, 0x0000000086f00000, 0x0000000086f00000|100%| O|  |TAMS 0x0000000086f00000, 0x0000000086f00000| Untracked 
| 111|0x0000000086f00000, 0x0000000086f00000, 0x0000000087000000|  0%| F|  |TAMS 0x0000000086f00000, 0x0000000086f00000| Untracked 
| 112|0x0000000087000000, 0x0000000087100000, 0x0000000087100000|100%| O|  |TAMS 0x0000000087100000, 0x0000000087100000| Untracked 
| 113|0x0000000087100000, 0x0000000087200000, 0x0000000087200000|100%|HS|  |TAMS 0x0000000087200000, 0x0000000087200000| Complete 
| 114|0x0000000087200000, 0x0000000087300000, 0x0000000087300000|100%|HC|  |TAMS 0x0000000087300000, 0x0000000087300000| Complete 
| 115|0x0000000087300000, 0x0000000087400000, 0x0000000087400000|100%|HC|  |TAMS 0x0000000087400000, 0x0000000087400000| Complete 
| 116|0x0000000087400000, 0x0000000087400000, 0x0000000087500000|  0%| F|  |TAMS 0x0000000087400000, 0x0000000087400000| Untracked 
| 117|0x0000000087500000, 0x0000000087600000, 0x0000000087600000|100%| O|  |TAMS 0x0000000087600000, 0x0000000087600000| Untracked 
| 118|0x0000000087600000, 0x0000000087600000, 0x0000000087700000|  0%| F|  |TAMS 0x0000000087600000, 0x0000000087600000| Untracked 
| 119|0x0000000087700000, 0x0000000087800000, 0x0000000087800000|100%| O|  |TAMS 0x0000000087800000, 0x0000000087800000| Untracked 
| 120|0x0000000087800000, 0x0000000087900000, 0x0000000087900000|100%| O|  |TAMS 0x0000000087900000, 0x0000000087900000| Untracked 
| 121|0x0000000087900000, 0x0000000087900000, 0x0000000087a00000|  0%| F|  |TAMS 0x0000000087900000, 0x0000000087900000| Untracked 
| 122|0x0000000087a00000, 0x0000000087b00000, 0x0000000087b00000|100%| O|  |TAMS 0x0000000087b00000, 0x0000000087b00000| Untracked 
| 123|0x0000000087b00000, 0x0000000087b00000, 0x0000000087c00000|  0%| F|  |TAMS 0x0000000087b00000, 0x0000000087b00000| Untracked 
| 124|0x0000000087c00000, 0x0000000087d00000, 0x0000000087d00000|100%|HS|  |TAMS 0x0000000087d00000, 0x0000000087d00000| Complete 
| 125|0x0000000087d00000, 0x0000000087e00000, 0x0000000087e00000|100%|HC|  |TAMS 0x0000000087e00000, 0x0000000087e00000| Complete 
| 126|0x0000000087e00000, 0x0000000087f00000, 0x0000000087f00000|100%|HC|  |TAMS 0x0000000087f00000, 0x0000000087f00000| Complete 
| 127|0x0000000087f00000, 0x0000000088000000, 0x0000000088000000|100%|HC|  |TAMS 0x0000000088000000, 0x0000000088000000| Complete 
| 128|0x0000000088000000, 0x0000000088100000, 0x0000000088100000|100%|HC|  |TAMS 0x0000000088100000, 0x0000000088100000| Complete 
| 129|0x0000000088100000, 0x0000000088200000, 0x0000000088200000|100%| O|  |TAMS 0x0000000088200000, 0x0000000088200000| Untracked 
| 130|0x0000000088200000, 0x0000000088300000, 0x0000000088300000|100%| O|  |TAMS 0x0000000088300000, 0x0000000088300000| Untracked 
| 131|0x0000000088300000, 0x0000000088400000, 0x0000000088400000|100%|HS|  |TAMS 0x0000000088400000, 0x0000000088400000| Complete 
| 132|0x0000000088400000, 0x0000000088500000, 0x0000000088500000|100%|HC|  |TAMS 0x0000000088500000, 0x0000000088500000| Complete 
| 133|0x0000000088500000, 0x0000000088600000, 0x0000000088600000|100%|HC|  |TAMS 0x0000000088600000, 0x0000000088600000| Complete 
| 134|0x0000000088600000, 0x0000000088700000, 0x0000000088700000|100%|HC|  |TAMS 0x0000000088700000, 0x0000000088700000| Complete 
| 135|0x0000000088700000, 0x0000000088800000, 0x0000000088800000|100%|HC|  |TAMS 0x0000000088800000, 0x0000000088800000| Complete 
| 136|0x0000000088800000, 0x0000000088900000, 0x0000000088900000|100%| O|  |TAMS 0x0000000088900000, 0x0000000088900000| Untracked 
| 137|0x0000000088900000, 0x0000000088900000, 0x0000000088a00000|  0%| F|  |TAMS 0x0000000088900000, 0x0000000088900000| Untracked 
| 138|0x0000000088a00000, 0x0000000088a00000, 0x0000000088b00000|  0%| F|  |TAMS 0x0000000088a00000, 0x0000000088a00000| Untracked 
| 139|0x0000000088b00000, 0x0000000088c00000, 0x0000000088c00000|100%| O|  |TAMS 0x0000000088c00000, 0x0000000088c00000| Untracked 
| 140|0x0000000088c00000, 0x0000000088d00000, 0x0000000088d00000|100%| O|  |TAMS 0x0000000088d00000, 0x0000000088d00000| Untracked 
| 141|0x0000000088d00000, 0x0000000088d00000, 0x0000000088e00000|  0%| F|  |TAMS 0x0000000088d00000, 0x0000000088d00000| Untracked 
| 142|0x0000000088e00000, 0x0000000088f00000, 0x0000000088f00000|100%| O|  |TAMS 0x0000000088f00000, 0x0000000088f00000| Untracked 
| 143|0x0000000088f00000, 0x0000000089000000, 0x0000000089000000|100%| O|  |TAMS 0x0000000089000000, 0x0000000089000000| Untracked 
| 144|0x0000000089000000, 0x0000000089100000, 0x0000000089100000|100%|HS|  |TAMS 0x0000000089100000, 0x0000000089100000| Complete 
| 145|0x0000000089100000, 0x0000000089200000, 0x0000000089200000|100%|HC|  |TAMS 0x0000000089200000, 0x0000000089200000| Complete 
| 146|0x0000000089200000, 0x0000000089300000, 0x0000000089300000|100%| O|  |TAMS 0x0000000089300000, 0x0000000089300000| Untracked 
| 147|0x0000000089300000, 0x0000000089400000, 0x0000000089400000|100%| O|  |TAMS 0x0000000089400000, 0x0000000089400000| Untracked 
| 148|0x0000000089400000, 0x0000000089500000, 0x0000000089500000|100%| O|  |TAMS 0x0000000089500000, 0x0000000089500000| Untracked 
| 149|0x0000000089500000, 0x0000000089600000, 0x0000000089600000|100%| O|  |TAMS 0x0000000089600000, 0x0000000089600000| Untracked 
| 150|0x0000000089600000, 0x0000000089700000, 0x0000000089700000|100%| O|  |TAMS 0x0000000089700000, 0x0000000089700000| Untracked 
| 151|0x0000000089700000, 0x0000000089800000, 0x0000000089800000|100%| O|  |TAMS 0x0000000089800000, 0x0000000089800000| Untracked 
| 152|0x0000000089800000, 0x0000000089900000, 0x0000000089900000|100%| O|  |TAMS 0x0000000089900000, 0x0000000089900000| Untracked 
| 153|0x0000000089900000, 0x0000000089900000, 0x0000000089a00000|  0%| F|  |TAMS 0x0000000089900000, 0x0000000089900000| Untracked 
| 154|0x0000000089a00000, 0x0000000089b00000, 0x0000000089b00000|100%| O|  |TAMS 0x0000000089b00000, 0x0000000089b00000| Untracked 
| 155|0x0000000089b00000, 0x0000000089c00000, 0x0000000089c00000|100%| O|  |TAMS 0x0000000089c00000, 0x0000000089c00000| Untracked 
| 156|0x0000000089c00000, 0x0000000089d00000, 0x0000000089d00000|100%| O|  |TAMS 0x0000000089d00000, 0x0000000089d00000| Untracked 
| 157|0x0000000089d00000, 0x0000000089e00000, 0x0000000089e00000|100%| O|  |TAMS 0x0000000089e00000, 0x0000000089e00000| Untracked 
| 158|0x0000000089e00000, 0x0000000089f00000, 0x0000000089f00000|100%| O|  |TAMS 0x0000000089f00000, 0x0000000089f00000| Untracked 
| 159|0x0000000089f00000, 0x000000008a000000, 0x000000008a000000|100%| O|  |TAMS 0x000000008a000000, 0x000000008a000000| Untracked 
| 160|0x000000008a000000, 0x000000008a100000, 0x000000008a100000|100%| O|  |TAMS 0x000000008a100000, 0x000000008a100000| Untracked 
| 161|0x000000008a100000, 0x000000008a200000, 0x000000008a200000|100%| O|  |TAMS 0x000000008a200000, 0x000000008a200000| Untracked 
| 162|0x000000008a200000, 0x000000008a300000, 0x000000008a300000|100%| O|  |TAMS 0x000000008a300000, 0x000000008a300000| Untracked 
| 163|0x000000008a300000, 0x000000008a300000, 0x000000008a400000|  0%| F|  |TAMS 0x000000008a300000, 0x000000008a300000| Untracked 
| 164|0x000000008a400000, 0x000000008a500000, 0x000000008a500000|100%| O|  |TAMS 0x000000008a500000, 0x000000008a500000| Untracked 
| 165|0x000000008a500000, 0x000000008a600000, 0x000000008a600000|100%| O|  |TAMS 0x000000008a600000, 0x000000008a600000| Untracked 
| 166|0x000000008a600000, 0x000000008a700000, 0x000000008a700000|100%| O|  |TAMS 0x000000008a700000, 0x000000008a700000| Untracked 
| 167|0x000000008a700000, 0x000000008a800000, 0x000000008a800000|100%| O|  |TAMS 0x000000008a800000, 0x000000008a800000| Untracked 
| 168|0x000000008a800000, 0x000000008a900000, 0x000000008a900000|100%| O|  |TAMS 0x000000008a900000, 0x000000008a900000| Untracked 
| 169|0x000000008a900000, 0x000000008aa00000, 0x000000008aa00000|100%| O|  |TAMS 0x000000008aa00000, 0x000000008aa00000| Untracked 
| 170|0x000000008aa00000, 0x000000008ab00000, 0x000000008ab00000|100%| O|  |TAMS 0x000000008ab00000, 0x000000008ab00000| Untracked 
| 171|0x000000008ab00000, 0x000000008ac00000, 0x000000008ac00000|100%| O|  |TAMS 0x000000008ac00000, 0x000000008ac00000| Untracked 
| 172|0x000000008ac00000, 0x000000008ad00000, 0x000000008ad00000|100%| O|  |TAMS 0x000000008ad00000, 0x000000008ad00000| Untracked 
| 173|0x000000008ad00000, 0x000000008ad00000, 0x000000008ae00000|  0%| F|  |TAMS 0x000000008ad00000, 0x000000008ad00000| Untracked 
| 174|0x000000008ae00000, 0x000000008af00000, 0x000000008af00000|100%| O|  |TAMS 0x000000008af00000, 0x000000008af00000| Untracked 
| 175|0x000000008af00000, 0x000000008b000000, 0x000000008b000000|100%| O|  |TAMS 0x000000008b000000, 0x000000008b000000| Untracked 
| 176|0x000000008b000000, 0x000000008b100000, 0x000000008b100000|100%| O|  |TAMS 0x000000008b100000, 0x000000008b100000| Untracked 
| 177|0x000000008b100000, 0x000000008b200000, 0x000000008b200000|100%| O|  |TAMS 0x000000008b200000, 0x000000008b200000| Untracked 
| 178|0x000000008b200000, 0x000000008b300000, 0x000000008b300000|100%| O|  |TAMS 0x000000008b300000, 0x000000008b300000| Untracked 
| 179|0x000000008b300000, 0x000000008b400000, 0x000000008b400000|100%| O|  |TAMS 0x000000008b400000, 0x000000008b400000| Untracked 
| 180|0x000000008b400000, 0x000000008b500000, 0x000000008b500000|100%| O|  |TAMS 0x000000008b500000, 0x000000008b500000| Untracked 
| 181|0x000000008b500000, 0x000000008b500000, 0x000000008b600000|  0%| F|  |TAMS 0x000000008b500000, 0x000000008b500000| Untracked 
| 182|0x000000008b600000, 0x000000008b700000, 0x000000008b700000|100%| O|  |TAMS 0x000000008b700000, 0x000000008b700000| Untracked 
| 183|0x000000008b700000, 0x000000008b800000, 0x000000008b800000|100%| O|  |TAMS 0x000000008b800000, 0x000000008b800000| Untracked 
| 184|0x000000008b800000, 0x000000008b900000, 0x000000008b900000|100%| O|  |TAMS 0x000000008b900000, 0x000000008b900000| Untracked 
| 185|0x000000008b900000, 0x000000008ba00000, 0x000000008ba00000|100%| O|  |TAMS 0x000000008ba00000, 0x000000008ba00000| Untracked 
| 186|0x000000008ba00000, 0x000000008bb00000, 0x000000008bb00000|100%| O|  |TAMS 0x000000008bb00000, 0x000000008bb00000| Untracked 
| 187|0x000000008bb00000, 0x000000008bc00000, 0x000000008bc00000|100%| O|  |TAMS 0x000000008bc00000, 0x000000008bc00000| Untracked 
| 188|0x000000008bc00000, 0x000000008bd00000, 0x000000008bd00000|100%| O|  |TAMS 0x000000008bd00000, 0x000000008bd00000| Untracked 
| 189|0x000000008bd00000, 0x000000008be00000, 0x000000008be00000|100%| O|  |TAMS 0x000000008be00000, 0x000000008be00000| Untracked 
| 190|0x000000008be00000, 0x000000008bf00000, 0x000000008bf00000|100%| O|  |TAMS 0x000000008bf00000, 0x000000008bf00000| Untracked 
| 191|0x000000008bf00000, 0x000000008bf00000, 0x000000008c000000|  0%| F|  |TAMS 0x000000008bf00000, 0x000000008bf00000| Untracked 
| 192|0x000000008c000000, 0x000000008c100000, 0x000000008c100000|100%| O|  |TAMS 0x000000008c100000, 0x000000008c100000| Untracked 
| 193|0x000000008c100000, 0x000000008c100000, 0x000000008c200000|  0%| F|  |TAMS 0x000000008c100000, 0x000000008c100000| Untracked 
| 194|0x000000008c200000, 0x000000008c200000, 0x000000008c300000|  0%| F|  |TAMS 0x000000008c200000, 0x000000008c200000| Untracked 
| 195|0x000000008c300000, 0x000000008c300000, 0x000000008c400000|  0%| F|  |TAMS 0x000000008c300000, 0x000000008c300000| Untracked 
| 196|0x000000008c400000, 0x000000008c400000, 0x000000008c500000|  0%| F|  |TAMS 0x000000008c400000, 0x000000008c400000| Untracked 
| 197|0x000000008c500000, 0x000000008c500000, 0x000000008c600000|  0%| F|  |TAMS 0x000000008c500000, 0x000000008c500000| Untracked 
| 198|0x000000008c600000, 0x000000008c600000, 0x000000008c700000|  0%| F|  |TAMS 0x000000008c600000, 0x000000008c600000| Untracked 
| 199|0x000000008c700000, 0x000000008c700000, 0x000000008c800000|  0%| F|  |TAMS 0x000000008c700000, 0x000000008c700000| Untracked 
| 200|0x000000008c800000, 0x000000008c800000, 0x000000008c900000|  0%| F|  |TAMS 0x000000008c800000, 0x000000008c800000| Untracked 
| 201|0x000000008c900000, 0x000000008c900000, 0x000000008ca00000|  0%| F|  |TAMS 0x000000008c900000, 0x000000008c900000| Untracked 
| 202|0x000000008ca00000, 0x000000008ca00000, 0x000000008cb00000|  0%| F|  |TAMS 0x000000008ca00000, 0x000000008ca00000| Untracked 
| 203|0x000000008cb00000, 0x000000008cb00000, 0x000000008cc00000|  0%| F|  |TAMS 0x000000008cb00000, 0x000000008cb00000| Untracked 
| 204|0x000000008cc00000, 0x000000008cc00000, 0x000000008cd00000|  0%| F|  |TAMS 0x000000008cc00000, 0x000000008cc00000| Untracked 
| 205|0x000000008cd00000, 0x000000008cd00000, 0x000000008ce00000|  0%| F|  |TAMS 0x000000008cd00000, 0x000000008cd00000| Untracked 
| 206|0x000000008ce00000, 0x000000008ce00000, 0x000000008cf00000|  0%| F|  |TAMS 0x000000008ce00000, 0x000000008ce00000| Untracked 
| 207|0x000000008cf00000, 0x000000008cf00000, 0x000000008d000000|  0%| F|  |TAMS 0x000000008cf00000, 0x000000008cf00000| Untracked 
| 208|0x000000008d000000, 0x000000008d000000, 0x000000008d100000|  0%| F|  |TAMS 0x000000008d000000, 0x000000008d000000| Untracked 
| 209|0x000000008d100000, 0x000000008d100000, 0x000000008d200000|  0%| F|  |TAMS 0x000000008d100000, 0x000000008d100000| Untracked 
| 210|0x000000008d200000, 0x000000008d200000, 0x000000008d300000|  0%| F|  |TAMS 0x000000008d200000, 0x000000008d200000| Untracked 
| 211|0x000000008d300000, 0x000000008d300000, 0x000000008d400000|  0%| F|  |TAMS 0x000000008d300000, 0x000000008d300000| Untracked 
| 212|0x000000008d400000, 0x000000008d400000, 0x000000008d500000|  0%| F|  |TAMS 0x000000008d400000, 0x000000008d400000| Untracked 
| 213|0x000000008d500000, 0x000000008d500000, 0x000000008d600000|  0%| F|  |TAMS 0x000000008d500000, 0x000000008d500000| Untracked 
| 214|0x000000008d600000, 0x000000008d600000, 0x000000008d700000|  0%| F|  |TAMS 0x000000008d600000, 0x000000008d600000| Untracked 
| 215|0x000000008d700000, 0x000000008d700000, 0x000000008d800000|  0%| F|  |TAMS 0x000000008d700000, 0x000000008d700000| Untracked 
| 216|0x000000008d800000, 0x000000008d800000, 0x000000008d900000|  0%| F|  |TAMS 0x000000008d800000, 0x000000008d800000| Untracked 
| 217|0x000000008d900000, 0x000000008d900000, 0x000000008da00000|  0%| F|  |TAMS 0x000000008d900000, 0x000000008d900000| Untracked 
| 218|0x000000008da00000, 0x000000008da00000, 0x000000008db00000|  0%| F|  |TAMS 0x000000008da00000, 0x000000008da00000| Untracked 
| 219|0x000000008db00000, 0x000000008dc00000, 0x000000008dc00000|100%| S|CS|TAMS 0x000000008db00000, 0x000000008db00000| Complete 
| 220|0x000000008dc00000, 0x000000008dd00000, 0x000000008dd00000|100%| S|CS|TAMS 0x000000008dc00000, 0x000000008dc00000| Complete 
| 221|0x000000008dd00000, 0x000000008de00000, 0x000000008de00000|100%| S|CS|TAMS 0x000000008dd00000, 0x000000008dd00000| Complete 
| 222|0x000000008de00000, 0x000000008df00000, 0x000000008df00000|100%| S|CS|TAMS 0x000000008de00000, 0x000000008de00000| Complete 
| 223|0x000000008df00000, 0x000000008e000000, 0x000000008e000000|100%| S|CS|TAMS 0x000000008df00000, 0x000000008df00000| Complete 
| 224|0x000000008e000000, 0x000000008e100000, 0x000000008e100000|100%| S|CS|TAMS 0x000000008e000000, 0x000000008e000000| Complete 
| 225|0x000000008e100000, 0x000000008e200000, 0x000000008e200000|100%| S|CS|TAMS 0x000000008e100000, 0x000000008e100000| Complete 
| 226|0x000000008e200000, 0x000000008e300000, 0x000000008e300000|100%| S|CS|TAMS 0x000000008e200000, 0x000000008e200000| Complete 
| 227|0x000000008e300000, 0x000000008e400000, 0x000000008e400000|100%| S|CS|TAMS 0x000000008e300000, 0x000000008e300000| Complete 
| 228|0x000000008e400000, 0x000000008e500000, 0x000000008e500000|100%| S|CS|TAMS 0x000000008e400000, 0x000000008e400000| Complete 
| 229|0x000000008e500000, 0x000000008e600000, 0x000000008e600000|100%| S|CS|TAMS 0x000000008e500000, 0x000000008e500000| Complete 
| 230|0x000000008e600000, 0x000000008e700000, 0x000000008e700000|100%| S|CS|TAMS 0x000000008e600000, 0x000000008e600000| Complete 
| 231|0x000000008e700000, 0x000000008e800000, 0x000000008e800000|100%| S|CS|TAMS 0x000000008e700000, 0x000000008e700000| Complete 
| 232|0x000000008e800000, 0x000000008e800000, 0x000000008e900000|  0%| F|  |TAMS 0x000000008e800000, 0x000000008e800000| Untracked 
| 233|0x000000008e900000, 0x000000008e900000, 0x000000008ea00000|  0%| F|  |TAMS 0x000000008e900000, 0x000000008e900000| Untracked 
| 234|0x000000008ea00000, 0x000000008ea00000, 0x000000008eb00000|  0%| F|  |TAMS 0x000000008ea00000, 0x000000008ea00000| Untracked 
| 235|0x000000008eb00000, 0x000000008ec00000, 0x000000008ec00000|100%| S|CS|TAMS 0x000000008eb00000, 0x000000008eb00000| Complete 
| 236|0x000000008ec00000, 0x000000008ed00000, 0x000000008ed00000|100%| S|CS|TAMS 0x000000008ec00000, 0x000000008ec00000| Complete 
| 237|0x000000008ed00000, 0x000000008ed00000, 0x000000008ee00000|  0%| F|  |TAMS 0x000000008ed00000, 0x000000008ed00000| Untracked 
| 238|0x000000008ee00000, 0x000000008ee00000, 0x000000008ef00000|  0%| F|  |TAMS 0x000000008ee00000, 0x000000008ee00000| Untracked 
| 239|0x000000008ef00000, 0x000000008ef00000, 0x000000008f000000|  0%| F|  |TAMS 0x000000008ef00000, 0x000000008ef00000| Untracked 
| 240|0x000000008f000000, 0x000000008f000000, 0x000000008f100000|  0%| F|  |TAMS 0x000000008f000000, 0x000000008f000000| Untracked 
| 241|0x000000008f100000, 0x000000008f100000, 0x000000008f200000|  0%| F|  |TAMS 0x000000008f100000, 0x000000008f100000| Untracked 
| 242|0x000000008f200000, 0x000000008f200000, 0x000000008f300000|  0%| F|  |TAMS 0x000000008f200000, 0x000000008f200000| Untracked 
| 243|0x000000008f300000, 0x000000008f300000, 0x000000008f400000|  0%| F|  |TAMS 0x000000008f300000, 0x000000008f300000| Untracked 
| 244|0x000000008f400000, 0x000000008f400000, 0x000000008f500000|  0%| F|  |TAMS 0x000000008f400000, 0x000000008f400000| Untracked 
| 245|0x000000008f500000, 0x000000008f500000, 0x000000008f600000|  0%| F|  |TAMS 0x000000008f500000, 0x000000008f500000| Untracked 
| 246|0x000000008f600000, 0x000000008f600000, 0x000000008f700000|  0%| F|  |TAMS 0x000000008f600000, 0x000000008f600000| Untracked 
| 247|0x000000008f700000, 0x000000008f700000, 0x000000008f800000|  0%| F|  |TAMS 0x000000008f700000, 0x000000008f700000| Untracked 
| 248|0x000000008f800000, 0x000000008f800000, 0x000000008f900000|  0%| F|  |TAMS 0x000000008f800000, 0x000000008f800000| Untracked 
| 249|0x000000008f900000, 0x000000008f900000, 0x000000008fa00000|  0%| F|  |TAMS 0x000000008f900000, 0x000000008f900000| Untracked 
| 250|0x000000008fa00000, 0x000000008fa00000, 0x000000008fb00000|  0%| F|  |TAMS 0x000000008fa00000, 0x000000008fa00000| Untracked 
| 251|0x000000008fb00000, 0x000000008fb00000, 0x000000008fc00000|  0%| F|  |TAMS 0x000000008fb00000, 0x000000008fb00000| Untracked 
| 252|0x000000008fc00000, 0x000000008fc00000, 0x000000008fd00000|  0%| F|  |TAMS 0x000000008fc00000, 0x000000008fc00000| Untracked 
| 253|0x000000008fd00000, 0x000000008fd00000, 0x000000008fe00000|  0%| F|  |TAMS 0x000000008fd00000, 0x000000008fd00000| Untracked 
| 254|0x000000008fe00000, 0x000000008fe00000, 0x000000008ff00000|  0%| F|  |TAMS 0x000000008fe00000, 0x000000008fe00000| Untracked 
| 255|0x000000008ff00000, 0x000000008ff00000, 0x0000000090000000|  0%| F|  |TAMS 0x000000008ff00000, 0x000000008ff00000| Untracked 
| 256|0x0000000090000000, 0x0000000090000000, 0x0000000090100000|  0%| F|  |TAMS 0x0000000090000000, 0x0000000090000000| Untracked 
| 257|0x0000000090100000, 0x0000000090100000, 0x0000000090200000|  0%| F|  |TAMS 0x0000000090100000, 0x0000000090100000| Untracked 
| 258|0x0000000090200000, 0x0000000090200000, 0x0000000090300000|  0%| F|  |TAMS 0x0000000090200000, 0x0000000090200000| Untracked 
| 259|0x0000000090300000, 0x0000000090300000, 0x0000000090400000|  0%| F|  |TAMS 0x0000000090300000, 0x0000000090300000| Untracked 
| 260|0x0000000090400000, 0x0000000090400000, 0x0000000090500000|  0%| F|  |TAMS 0x0000000090400000, 0x0000000090400000| Untracked 
| 261|0x0000000090500000, 0x0000000090500000, 0x0000000090600000|  0%| F|  |TAMS 0x0000000090500000, 0x0000000090500000| Untracked 
| 262|0x0000000090600000, 0x0000000090600000, 0x0000000090700000|  0%| F|  |TAMS 0x0000000090600000, 0x0000000090600000| Untracked 
| 263|0x0000000090700000, 0x0000000090700000, 0x0000000090800000|  0%| F|  |TAMS 0x0000000090700000, 0x0000000090700000| Untracked 
| 264|0x0000000090800000, 0x0000000090800000, 0x0000000090900000|  0%| F|  |TAMS 0x0000000090800000, 0x0000000090800000| Untracked 
| 265|0x0000000090900000, 0x0000000090900000, 0x0000000090a00000|  0%| F|  |TAMS 0x0000000090900000, 0x0000000090900000| Untracked 
| 266|0x0000000090a00000, 0x0000000090a00000, 0x0000000090b00000|  0%| F|  |TAMS 0x0000000090a00000, 0x0000000090a00000| Untracked 
| 267|0x0000000090b00000, 0x0000000090b00000, 0x0000000090c00000|  0%| F|  |TAMS 0x0000000090b00000, 0x0000000090b00000| Untracked 
| 268|0x0000000090c00000, 0x0000000090c00000, 0x0000000090d00000|  0%| F|  |TAMS 0x0000000090c00000, 0x0000000090c00000| Untracked 
| 269|0x0000000090d00000, 0x0000000090d00000, 0x0000000090e00000|  0%| F|  |TAMS 0x0000000090d00000, 0x0000000090d00000| Untracked 
| 270|0x0000000090e00000, 0x0000000090e00000, 0x0000000090f00000|  0%| F|  |TAMS 0x0000000090e00000, 0x0000000090e00000| Untracked 
| 271|0x0000000090f00000, 0x0000000090f00000, 0x0000000091000000|  0%| F|  |TAMS 0x0000000090f00000, 0x0000000090f00000| Untracked 
| 272|0x0000000091000000, 0x0000000091000000, 0x0000000091100000|  0%| F|  |TAMS 0x0000000091000000, 0x0000000091000000| Untracked 
| 273|0x0000000091100000, 0x0000000091100000, 0x0000000091200000|  0%| F|  |TAMS 0x0000000091100000, 0x0000000091100000| Untracked 
| 274|0x0000000091200000, 0x0000000091200000, 0x0000000091300000|  0%| F|  |TAMS 0x0000000091200000, 0x0000000091200000| Untracked 
| 275|0x0000000091300000, 0x0000000091300000, 0x0000000091400000|  0%| F|  |TAMS 0x0000000091300000, 0x0000000091300000| Untracked 
| 276|0x0000000091400000, 0x0000000091400000, 0x0000000091500000|  0%| F|  |TAMS 0x0000000091400000, 0x0000000091400000| Untracked 
| 277|0x0000000091500000, 0x0000000091500000, 0x0000000091600000|  0%| F|  |TAMS 0x0000000091500000, 0x0000000091500000| Untracked 
| 278|0x0000000091600000, 0x0000000091600000, 0x0000000091700000|  0%| F|  |TAMS 0x0000000091600000, 0x0000000091600000| Untracked 
| 279|0x0000000091700000, 0x0000000091700000, 0x0000000091800000|  0%| F|  |TAMS 0x0000000091700000, 0x0000000091700000| Untracked 
| 280|0x0000000091800000, 0x0000000091800000, 0x0000000091900000|  0%| F|  |TAMS 0x0000000091800000, 0x0000000091800000| Untracked 
| 281|0x0000000091900000, 0x0000000091900000, 0x0000000091a00000|  0%| F|  |TAMS 0x0000000091900000, 0x0000000091900000| Untracked 
| 282|0x0000000091a00000, 0x0000000091a00000, 0x0000000091b00000|  0%| F|  |TAMS 0x0000000091a00000, 0x0000000091a00000| Untracked 
| 283|0x0000000091b00000, 0x0000000091b00000, 0x0000000091c00000|  0%| F|  |TAMS 0x0000000091b00000, 0x0000000091b00000| Untracked 
| 284|0x0000000091c00000, 0x0000000091c00000, 0x0000000091d00000|  0%| F|  |TAMS 0x0000000091c00000, 0x0000000091c00000| Untracked 
| 285|0x0000000091d00000, 0x0000000091d00000, 0x0000000091e00000|  0%| F|  |TAMS 0x0000000091d00000, 0x0000000091d00000| Untracked 
| 286|0x0000000091e00000, 0x0000000091e00000, 0x0000000091f00000|  0%| F|  |TAMS 0x0000000091e00000, 0x0000000091e00000| Untracked 
| 287|0x0000000091f00000, 0x0000000091f00000, 0x0000000092000000|  0%| F|  |TAMS 0x0000000091f00000, 0x0000000091f00000| Untracked 
| 288|0x0000000092000000, 0x0000000092000000, 0x0000000092100000|  0%| F|  |TAMS 0x0000000092000000, 0x0000000092000000| Untracked 
| 289|0x0000000092100000, 0x0000000092100000, 0x0000000092200000|  0%| F|  |TAMS 0x0000000092100000, 0x0000000092100000| Untracked 
| 290|0x0000000092200000, 0x0000000092200000, 0x0000000092300000|  0%| F|  |TAMS 0x0000000092200000, 0x0000000092200000| Untracked 
| 291|0x0000000092300000, 0x0000000092300000, 0x0000000092400000|  0%| F|  |TAMS 0x0000000092300000, 0x0000000092300000| Untracked 
| 292|0x0000000092400000, 0x0000000092400000, 0x0000000092500000|  0%| F|  |TAMS 0x0000000092400000, 0x0000000092400000| Untracked 
| 293|0x0000000092500000, 0x0000000092500000, 0x0000000092600000|  0%| F|  |TAMS 0x0000000092500000, 0x0000000092500000| Untracked 
| 294|0x0000000092600000, 0x0000000092600000, 0x0000000092700000|  0%| F|  |TAMS 0x0000000092600000, 0x0000000092600000| Untracked 
| 295|0x0000000092700000, 0x0000000092700000, 0x0000000092800000|  0%| F|  |TAMS 0x0000000092700000, 0x0000000092700000| Untracked 
| 296|0x0000000092800000, 0x0000000092800000, 0x0000000092900000|  0%| F|  |TAMS 0x0000000092800000, 0x0000000092800000| Untracked 
| 297|0x0000000092900000, 0x0000000092900000, 0x0000000092a00000|  0%| F|  |TAMS 0x0000000092900000, 0x0000000092900000| Untracked 
| 298|0x0000000092a00000, 0x0000000092a00000, 0x0000000092b00000|  0%| F|  |TAMS 0x0000000092a00000, 0x0000000092a00000| Untracked 
| 299|0x0000000092b00000, 0x0000000092b00000, 0x0000000092c00000|  0%| F|  |TAMS 0x0000000092b00000, 0x0000000092b00000| Untracked 
| 300|0x0000000092c00000, 0x0000000092c00000, 0x0000000092d00000|  0%| F|  |TAMS 0x0000000092c00000, 0x0000000092c00000| Untracked 
| 301|0x0000000092d00000, 0x0000000092d00000, 0x0000000092e00000|  0%| F|  |TAMS 0x0000000092d00000, 0x0000000092d00000| Untracked 
| 302|0x0000000092e00000, 0x0000000092e00000, 0x0000000092f00000|  0%| F|  |TAMS 0x0000000092e00000, 0x0000000092e00000| Untracked 
| 303|0x0000000092f00000, 0x0000000092f00000, 0x0000000093000000|  0%| F|  |TAMS 0x0000000092f00000, 0x0000000092f00000| Untracked 
| 304|0x0000000093000000, 0x0000000093000000, 0x0000000093100000|  0%| F|  |TAMS 0x0000000093000000, 0x0000000093000000| Untracked 
| 305|0x0000000093100000, 0x0000000093100000, 0x0000000093200000|  0%| F|  |TAMS 0x0000000093100000, 0x0000000093100000| Untracked 
| 306|0x0000000093200000, 0x0000000093200000, 0x0000000093300000|  0%| F|  |TAMS 0x0000000093200000, 0x0000000093200000| Untracked 
| 307|0x0000000093300000, 0x0000000093300000, 0x0000000093400000|  0%| F|  |TAMS 0x0000000093300000, 0x0000000093300000| Untracked 
| 308|0x0000000093400000, 0x0000000093400000, 0x0000000093500000|  0%| F|  |TAMS 0x0000000093400000, 0x0000000093400000| Untracked 
| 309|0x0000000093500000, 0x0000000093500000, 0x0000000093600000|  0%| F|  |TAMS 0x0000000093500000, 0x0000000093500000| Untracked 
| 310|0x0000000093600000, 0x0000000093600000, 0x0000000093700000|  0%| F|  |TAMS 0x0000000093600000, 0x0000000093600000| Untracked 
| 311|0x0000000093700000, 0x0000000093700000, 0x0000000093800000|  0%| F|  |TAMS 0x0000000093700000, 0x0000000093700000| Untracked 
| 312|0x0000000093800000, 0x0000000093800000, 0x0000000093900000|  0%| F|  |TAMS 0x0000000093800000, 0x0000000093800000| Untracked 
| 313|0x0000000093900000, 0x0000000093900000, 0x0000000093a00000|  0%| F|  |TAMS 0x0000000093900000, 0x0000000093900000| Untracked 
| 314|0x0000000093a00000, 0x0000000093a00000, 0x0000000093b00000|  0%| F|  |TAMS 0x0000000093a00000, 0x0000000093a00000| Untracked 
| 315|0x0000000093b00000, 0x0000000093b00000, 0x0000000093c00000|  0%| F|  |TAMS 0x0000000093b00000, 0x0000000093b00000| Untracked 
| 316|0x0000000093c00000, 0x0000000093c00000, 0x0000000093d00000|  0%| F|  |TAMS 0x0000000093c00000, 0x0000000093c00000| Untracked 
| 317|0x0000000093d00000, 0x0000000093d00000, 0x0000000093e00000|  0%| F|  |TAMS 0x0000000093d00000, 0x0000000093d00000| Untracked 
| 318|0x0000000093e00000, 0x0000000093e00000, 0x0000000093f00000|  0%| F|  |TAMS 0x0000000093e00000, 0x0000000093e00000| Untracked 
| 319|0x0000000093f00000, 0x0000000093f00000, 0x0000000094000000|  0%| F|  |TAMS 0x0000000093f00000, 0x0000000093f00000| Untracked 
| 320|0x0000000094000000, 0x0000000094000000, 0x0000000094100000|  0%| F|  |TAMS 0x0000000094000000, 0x0000000094000000| Untracked 
| 321|0x0000000094100000, 0x0000000094100000, 0x0000000094200000|  0%| F|  |TAMS 0x0000000094100000, 0x0000000094100000| Untracked 
| 322|0x0000000094200000, 0x0000000094200000, 0x0000000094300000|  0%| F|  |TAMS 0x0000000094200000, 0x0000000094200000| Untracked 
| 323|0x0000000094300000, 0x0000000094300000, 0x0000000094400000|  0%| F|  |TAMS 0x0000000094300000, 0x0000000094300000| Untracked 
| 324|0x0000000094400000, 0x0000000094400000, 0x0000000094500000|  0%| F|  |TAMS 0x0000000094400000, 0x0000000094400000| Untracked 
| 325|0x0000000094500000, 0x0000000094500000, 0x0000000094600000|  0%| F|  |TAMS 0x0000000094500000, 0x0000000094500000| Untracked 
| 326|0x0000000094600000, 0x0000000094600000, 0x0000000094700000|  0%| F|  |TAMS 0x0000000094600000, 0x0000000094600000| Untracked 
| 327|0x0000000094700000, 0x0000000094700000, 0x0000000094800000|  0%| F|  |TAMS 0x0000000094700000, 0x0000000094700000| Untracked 
| 328|0x0000000094800000, 0x0000000094800000, 0x0000000094900000|  0%| F|  |TAMS 0x0000000094800000, 0x0000000094800000| Untracked 
| 329|0x0000000094900000, 0x0000000094900000, 0x0000000094a00000|  0%| F|  |TAMS 0x0000000094900000, 0x0000000094900000| Untracked 
| 330|0x0000000094a00000, 0x0000000094a00000, 0x0000000094b00000|  0%| F|  |TAMS 0x0000000094a00000, 0x0000000094a00000| Untracked 
| 331|0x0000000094b00000, 0x0000000094b00000, 0x0000000094c00000|  0%| F|  |TAMS 0x0000000094b00000, 0x0000000094b00000| Untracked 
| 332|0x0000000094c00000, 0x0000000094c00000, 0x0000000094d00000|  0%| F|  |TAMS 0x0000000094c00000, 0x0000000094c00000| Untracked 
| 333|0x0000000094d00000, 0x0000000094d00000, 0x0000000094e00000|  0%| F|  |TAMS 0x0000000094d00000, 0x0000000094d00000| Untracked 
| 334|0x0000000094e00000, 0x0000000094e00000, 0x0000000094f00000|  0%| F|  |TAMS 0x0000000094e00000, 0x0000000094e00000| Untracked 
| 335|0x0000000094f00000, 0x0000000094f00000, 0x0000000095000000|  0%| F|  |TAMS 0x0000000094f00000, 0x0000000094f00000| Untracked 
| 336|0x0000000095000000, 0x0000000095000000, 0x0000000095100000|  0%| F|  |TAMS 0x0000000095000000, 0x0000000095000000| Untracked 
| 337|0x0000000095100000, 0x0000000095100000, 0x0000000095200000|  0%| F|  |TAMS 0x0000000095100000, 0x0000000095100000| Untracked 
| 338|0x0000000095200000, 0x0000000095200000, 0x0000000095300000|  0%| F|  |TAMS 0x0000000095200000, 0x0000000095200000| Untracked 
| 339|0x0000000095300000, 0x0000000095300000, 0x0000000095400000|  0%| F|  |TAMS 0x0000000095300000, 0x0000000095300000| Untracked 
| 340|0x0000000095400000, 0x0000000095400000, 0x0000000095500000|  0%| F|  |TAMS 0x0000000095400000, 0x0000000095400000| Untracked 
| 341|0x0000000095500000, 0x0000000095500000, 0x0000000095600000|  0%| F|  |TAMS 0x0000000095500000, 0x0000000095500000| Untracked 
| 342|0x0000000095600000, 0x0000000095600000, 0x0000000095700000|  0%| F|  |TAMS 0x0000000095600000, 0x0000000095600000| Untracked 
| 343|0x0000000095700000, 0x0000000095700000, 0x0000000095800000|  0%| F|  |TAMS 0x0000000095700000, 0x0000000095700000| Untracked 
| 344|0x0000000095800000, 0x0000000095800000, 0x0000000095900000|  0%| F|  |TAMS 0x0000000095800000, 0x0000000095800000| Untracked 
| 345|0x0000000095900000, 0x0000000095900000, 0x0000000095a00000|  0%| F|  |TAMS 0x0000000095900000, 0x0000000095900000| Untracked 
| 346|0x0000000095a00000, 0x0000000095a00000, 0x0000000095b00000|  0%| F|  |TAMS 0x0000000095a00000, 0x0000000095a00000| Untracked 
| 347|0x0000000095b00000, 0x0000000095b00000, 0x0000000095c00000|  0%| F|  |TAMS 0x0000000095b00000, 0x0000000095b00000| Untracked 
| 348|0x0000000095c00000, 0x0000000095c00000, 0x0000000095d00000|  0%| F|  |TAMS 0x0000000095c00000, 0x0000000095c00000| Untracked 

Card table byte_map: [0x000002d149080000,0x000002d149480000] _byte_map_base: 0x000002d148c80000

Marking Bits (Prev, Next): (CMBitMap*) 0x000002d1343ae728, (CMBitMap*) 0x000002d1343ae760
 Prev Bits: [0x000002d149880000, 0x000002d14b880000)
 Next Bits: [0x000002d14b880000, 0x000002d14d880000)

Polling page: 0x000002d134450000

Metaspace:

Usage:
  Non-class:    142.94 MB capacity,   139.81 MB ( 98%) used,     2.57 MB (  2%) free+waste,   573.88 KB ( <1%) overhead. 
      Class:     20.69 MB capacity,    18.98 MB ( 92%) used,     1.47 MB (  7%) free+waste,   243.56 KB (  1%) overhead. 
       Both:    163.63 MB capacity,   158.79 MB ( 97%) used,     4.04 MB (  2%) free+waste,   817.44 KB ( <1%) overhead. 

Virtual space:
  Non-class space:      148.00 MB reserved,     146.09 MB ( 99%) committed 
      Class space:        1.00 GB reserved,      21.45 MB (  2%) committed 
             Both:        1.14 GB reserved,     167.54 MB ( 14%) committed 

Chunk freelists:
   Non-Class:  3.15 MB
       Class:  702.00 KB
        Both:  3.84 MB

MaxMetaspaceSize: 17179869184.00 GB
CompressedClassSpaceSize: 1.00 GB

CodeHeap 'non-profiled nmethods': size=120064Kb used=26796Kb max_used=27522Kb free=93267Kb
 bounds [0x000002d141120000, 0x000002d142c10000, 0x000002d148660000]
CodeHeap 'profiled nmethods': size=120000Kb used=67714Kb max_used=68950Kb free=52285Kb
 bounds [0x000002d139bf0000, 0x000002d13dfc0000, 0x000002d141120000]
CodeHeap 'non-nmethods': size=5696Kb used=2411Kb max_used=2479Kb free=3284Kb
 bounds [0x000002d139660000, 0x000002d1398e0000, 0x000002d139bf0000]
 total_blobs=30573 nmethods=29524 adapters=957
 compilation: enabled
              stopped_count=0, restarted_count=0
 full_count=0

Compilation events (20 events):
Event: 7802.199 Thread 0x000002d14fee9000 37372       2       com.android.tools.r8.graph.Z::b (117 bytes)
Event: 7802.200 Thread 0x000002d14fee9000 nmethod 37372 0x000002d13a718090 code [0x000002d13a7182e0, 0x000002d13a718828]
Event: 7802.208 Thread 0x000002d14fee9000 37373 %     3       com.android.tools.r8.internal.ja::a @ 42 (519 bytes)
Event: 7802.213 Thread 0x000002d14fee9000 nmethod 37373% 0x000002d13d440c90 code [0x000002d13d441560, 0x000002d13d447938]
Event: 7802.213 Thread 0x000002d14fee9000 37374 %     3       com.android.tools.r8.internal.E7::a @ 19 (679 bytes)
Event: 7802.218 Thread 0x000002d14fee9000 nmethod 37374% 0x000002d13d8ce510 code [0x000002d13d8cef60, 0x000002d13d8d6298]
Event: 7802.218 Thread 0x000002d14fee9000 37375       3       com.android.tools.r8.graph.j0$m::b (336 bytes)
Event: 7802.220 Thread 0x000002d14fee9000 nmethod 37375 0x000002d13bc96810 code [0x000002d13bc96e20, 0x000002d13bc99c38]
Event: 7802.221 Thread 0x000002d14fee9000 37376       1       com.android.tools.r8.graph.e::o (5 bytes)
Event: 7802.221 Thread 0x000002d14fee9000 nmethod 37376 0x000002d141706190 code [0x000002d141706340, 0x000002d1417063f8]
Event: 7802.221 Thread 0x000002d14fee9000 37377       2       com.android.tools.r8.graph.G0::a (20 bytes)
Event: 7802.221 Thread 0x000002d14fee9000 nmethod 37377 0x000002d13a64ff10 code [0x000002d13a6500c0, 0x000002d13a650248]
Event: 7802.221 Thread 0x000002d14fee9000 37378       2       com.android.tools.r8.internal.p4::<init> (15 bytes)
Event: 7802.221 Thread 0x000002d14fee9000 nmethod 37378 0x000002d13a55da90 code [0x000002d13a55dc40, 0x000002d13a55dd38]
Event: 7802.241 Thread 0x000002d14fee9000 37379       2       com.android.tools.r8.internal.m5::<init> (37 bytes)
Event: 7802.242 Thread 0x000002d14fee9000 nmethod 37379 0x000002d13a64f890 code [0x000002d13a64fa40, 0x000002d13a64fcb8]
Event: 7802.250 Thread 0x000002d14fee1800 nmethod 37307 0x000002d1427d0b10 code [0x000002d1427d13c0, 0x000002d1427d8940]
Event: 7802.251 Thread 0x000002d14fee1800 37303       4       com.android.tools.r8.internal.Wi::l2 (44 bytes)
Event: 7802.254 Thread 0x000002d14fee1800 nmethod 37303 0x000002d141705a90 code [0x000002d141705c40, 0x000002d141705e98]
Event: 7802.254 Thread 0x000002d14fee1800 37305 %     4       com.android.tools.r8.ir.regalloc.a::a @ 2157 (3985 bytes)

GC Heap History (20 events):
Event: 7799.393 GC heap after
{Heap after GC invocations=249 (full 0):
 garbage-first heap   total 291840K, used 179477K [0x0000000080000000, 0x0000000100000000)
  region size 1024K, 2 young (2048K), 2 survivors (2048K)
 Metaspace       used 162313K, capacity 167301K, committed 171560K, reserved 1200128K
  class space    used 19425K, capacity 21170K, committed 21964K, reserved 1048576K
}
Event: 7799.593 GC heap before
{Heap before GC invocations=249 (full 0):
 garbage-first heap   total 291840K, used 231701K [0x0000000080000000, 0x0000000100000000)
  region size 1024K, 54 young (55296K), 2 survivors (2048K)
 Metaspace       used 162359K, capacity 167303K, committed 171560K, reserved 1200128K
  class space    used 19425K, capacity 21170K, committed 21964K, reserved 1048576K
}
Event: 7799.603 GC heap after
{Heap after GC invocations=250 (full 0):
 garbage-first heap   total 291840K, used 180350K [0x0000000080000000, 0x0000000100000000)
  region size 1024K, 3 young (3072K), 3 survivors (3072K)
 Metaspace       used 162359K, capacity 167303K, committed 171560K, reserved 1200128K
  class space    used 19425K, capacity 21170K, committed 21964K, reserved 1048576K
}
Event: 7799.984 GC heap before
{Heap before GC invocations=250 (full 0):
 garbage-first heap   total 291840K, used 236670K [0x0000000080000000, 0x0000000100000000)
  region size 1024K, 58 young (59392K), 3 survivors (3072K)
 Metaspace       used 162392K, capacity 167379K, committed 171560K, reserved 1200128K
  class space    used 19427K, capacity 21173K, committed 21964K, reserved 1048576K
}
Event: 7799.991 GC heap after
{Heap after GC invocations=251 (full 0):
 garbage-first heap   total 291840K, used 181663K [0x0000000080000000, 0x0000000100000000)
  region size 1024K, 4 young (4096K), 4 survivors (4096K)
 Metaspace       used 162392K, capacity 167379K, committed 171560K, reserved 1200128K
  class space    used 19427K, capacity 21173K, committed 21964K, reserved 1048576K
}
Event: 7800.175 GC heap before
{Heap before GC invocations=252 (full 0):
 garbage-first heap   total 291840K, used 239007K [0x0000000080000000, 0x0000000100000000)
  region size 1024K, 60 young (61440K), 4 survivors (4096K)
 Metaspace       used 162413K, capacity 167379K, committed 171560K, reserved 1200128K
  class space    used 19427K, capacity 21173K, committed 21964K, reserved 1048576K
}
Event: 7800.183 GC heap after
{Heap after GC invocations=253 (full 0):
 garbage-first heap   total 291840K, used 183192K [0x0000000080000000, 0x0000000100000000)
  region size 1024K, 6 young (6144K), 6 survivors (6144K)
 Metaspace       used 162413K, capacity 167379K, committed 171560K, reserved 1200128K
  class space    used 19427K, capacity 21173K, committed 21964K, reserved 1048576K
}
Event: 7800.221 GC heap before
{Heap before GC invocations=253 (full 0):
 garbage-first heap   total 291840K, used 191384K [0x0000000080000000, 0x0000000100000000)
  region size 1024K, 14 young (14336K), 6 survivors (6144K)
 Metaspace       used 162416K, capacity 167379K, committed 171560K, reserved 1200128K
  class space    used 19427K, capacity 21173K, committed 21964K, reserved 1048576K
}
Event: 7800.231 GC heap after
{Heap after GC invocations=254 (full 0):
 garbage-first heap   total 291840K, used 180733K [0x0000000080000000, 0x0000000100000000)
  region size 1024K, 1 young (1024K), 1 survivors (1024K)
 Metaspace       used 162416K, capacity 167379K, committed 171560K, reserved 1200128K
  class space    used 19427K, capacity 21173K, committed 21964K, reserved 1048576K
}
Event: 7800.420 GC heap before
{Heap before GC invocations=254 (full 0):
 garbage-first heap   total 291840K, used 241149K [0x0000000080000000, 0x0000000100000000)
  region size 1024K, 60 young (61440K), 1 survivors (1024K)
 Metaspace       used 162443K, capacity 167446K, committed 171560K, reserved 1200128K
  class space    used 19427K, capacity 21173K, committed 21964K, reserved 1048576K
}
Event: 7800.428 GC heap after
{Heap after GC invocations=255 (full 0):
 garbage-first heap   total 291840K, used 181574K [0x0000000080000000, 0x0000000100000000)
  region size 1024K, 2 young (2048K), 2 survivors (2048K)
 Metaspace       used 162443K, capacity 167446K, committed 171560K, reserved 1200128K
  class space    used 19427K, capacity 21173K, committed 21964K, reserved 1048576K
}
Event: 7800.848 GC heap before
{Heap before GC invocations=255 (full 0):
 garbage-first heap   total 291840K, used 243014K [0x0000000080000000, 0x0000000100000000)
  region size 1024K, 62 young (63488K), 2 survivors (2048K)
 Metaspace       used 162478K, capacity 167454K, committed 171560K, reserved 1200128K
  class space    used 19428K, capacity 21176K, committed 21964K, reserved 1048576K
}
Event: 7800.855 GC heap after
{Heap after GC invocations=256 (full 0):
 garbage-first heap   total 357376K, used 182255K [0x0000000080000000, 0x0000000100000000)
  region size 1024K, 3 young (3072K), 3 survivors (3072K)
 Metaspace       used 162478K, capacity 167454K, committed 171560K, reserved 1200128K
  class space    used 19428K, capacity 21176K, committed 21964K, reserved 1048576K
}
Event: 7801.159 GC heap before
{Heap before GC invocations=257 (full 0):
 garbage-first heap   total 357376K, used 275439K [0x0000000080000000, 0x0000000100000000)
  region size 1024K, 94 young (96256K), 3 survivors (3072K)
 Metaspace       used 162498K, capacity 167455K, committed 171560K, reserved 1200128K
  class space    used 19428K, capacity 21176K, committed 21964K, reserved 1048576K
}
Event: 7801.167 GC heap after
{Heap after GC invocations=258 (full 0):
 garbage-first heap   total 357376K, used 183904K [0x0000000080000000, 0x0000000100000000)
  region size 1024K, 4 young (4096K), 4 survivors (4096K)
 Metaspace       used 162498K, capacity 167455K, committed 171560K, reserved 1200128K
  class space    used 19428K, capacity 21176K, committed 21964K, reserved 1048576K
}
Event: 7801.435 GC heap before
{Heap before GC invocations=258 (full 0):
 garbage-first heap   total 357376K, used 289376K [0x0000000080000000, 0x0000000100000000)
  region size 1024K, 107 young (109568K), 4 survivors (4096K)
 Metaspace       used 162525K, capacity 167531K, committed 171560K, reserved 1200128K
  class space    used 19431K, capacity 21180K, committed 21964K, reserved 1048576K
}
Event: 7801.443 GC heap after
{Heap after GC invocations=259 (full 0):
 garbage-first heap   total 357376K, used 186672K [0x0000000080000000, 0x0000000100000000)
  region size 1024K, 7 young (7168K), 7 survivors (7168K)
 Metaspace       used 162525K, capacity 167531K, committed 171560K, reserved 1200128K
  class space    used 19431K, capacity 21180K, committed 21964K, reserved 1048576K
}
Event: 7801.983 GC heap before
{Heap before GC invocations=260 (full 0):
 garbage-first heap   total 357376K, used 292144K [0x0000000080000000, 0x0000000100000000)
  region size 1024K, 111 young (113664K), 7 survivors (7168K)
 Metaspace       used 162585K, capacity 167554K, committed 171560K, reserved 1200128K
  class space    used 19434K, capacity 21186K, committed 21964K, reserved 1048576K
}
Event: 7801.996 GC heap after
{Heap after GC invocations=261 (full 0):
 garbage-first heap   total 357376K, used 185994K [0x0000000080000000, 0x0000000100000000)
  region size 1024K, 6 young (6144K), 6 survivors (6144K)
 Metaspace       used 162585K, capacity 167554K, committed 171560K, reserved 1200128K
  class space    used 19434K, capacity 21186K, committed 21964K, reserved 1048576K
}
Event: 7802.255 GC heap before
{Heap before GC invocations=261 (full 0):
 garbage-first heap   total 357376K, used 296586K [0x0000000080000000, 0x0000000100000000)
  region size 1024K, 115 young (117760K), 6 survivors (6144K)
 Metaspace       used 162597K, capacity 167554K, committed 171560K, reserved 1200128K
  class space    used 19434K, capacity 21186K, committed 21964K, reserved 1048576K
}

Deoptimization events (20 events):
Event: 7801.950 Thread 0x000002d1545a8800 DEOPT PACKING pc=0x000002d142708b18 sp=0x000000d75d1f9310
Event: 7801.950 Thread 0x000002d1545a8800 DEOPT UNPACKING pc=0x000002d13968782f sp=0x000000d75d1f92e8 mode 2
Event: 7801.976 Thread 0x000002d1545ab000 DEOPT PACKING pc=0x000002d13de49956 sp=0x000000d75d9f9e80
Event: 7801.976 Thread 0x000002d1545ab000 DEOPT UNPACKING pc=0x000002d13968764e sp=0x000000d75d9f96f8 mode 0
Event: 7802.064 Thread 0x000002d1545a2800 DEOPT PACKING pc=0x000002d13dfb0ebd sp=0x000000d75d6f9640
Event: 7802.064 Thread 0x000002d1545a2800 DEOPT UNPACKING pc=0x000002d13968764e sp=0x000000d75d6f8dd0 mode 0
Event: 7802.091 Thread 0x000002d1545ad800 DEOPT PACKING pc=0x000002d13ad01361 sp=0x000000d75dff8130
Event: 7802.091 Thread 0x000002d1545ad800 DEOPT UNPACKING pc=0x000002d13968764e sp=0x000000d75dff75b8 mode 0
Event: 7802.100 Thread 0x000002d1545a2800 DEOPT PACKING pc=0x000002d13c13e517 sp=0x000000d75d6f9e20
Event: 7802.100 Thread 0x000002d1545a2800 DEOPT UNPACKING pc=0x000002d13968764e sp=0x000000d75d6f9478 mode 0
Event: 7802.114 Thread 0x000002d1545ad800 DEOPT PACKING pc=0x000002d13d595e0f sp=0x000000d75dff74d0
Event: 7802.114 Thread 0x000002d1545ad800 DEOPT UNPACKING pc=0x000002d13968764e sp=0x000000d75dff6db8 mode 0
Event: 7802.154 Thread 0x000002d1545ad800 DEOPT PACKING pc=0x000002d13d595e0f sp=0x000000d75dff74d0
Event: 7802.154 Thread 0x000002d1545ad800 DEOPT UNPACKING pc=0x000002d13968764e sp=0x000000d75dff6db8 mode 0
Event: 7802.190 Thread 0x000002d1545a8800 DEOPT PACKING pc=0x000002d13d6f0eca sp=0x000000d75d1f92e0
Event: 7802.190 Thread 0x000002d1545a8800 DEOPT UNPACKING pc=0x000002d13968764e sp=0x000000d75d1f8798 mode 0
Event: 7802.206 Thread 0x000002d1545ad800 DEOPT PACKING pc=0x000002d13d595e0f sp=0x000000d75dff75d0
Event: 7802.206 Thread 0x000002d1545ad800 DEOPT UNPACKING pc=0x000002d13968764e sp=0x000000d75dff6eb8 mode 0
Event: 7802.222 Thread 0x000002d1545ab000 DEOPT PACKING pc=0x000002d13de497ef sp=0x000000d75d9f9e80
Event: 7802.222 Thread 0x000002d1545ab000 DEOPT UNPACKING pc=0x000002d13968764e sp=0x000000d75d9f96f0 mode 0

Classes redefined (0 events):
No events

Internal exceptions (20 events):
Event: 7791.392 Thread 0x000002d1545ad800 Exception <a 'sun/nio/fs/WindowsException'{0x000000008d5018f0}> (0x000000008d5018f0) thrown at [./src/hotspot/share/prims/jni.cpp, line 615]
Event: 7791.397 Thread 0x000002d1545ad800 Exception <a 'sun/nio/fs/WindowsException'{0x000000008d562bb0}> (0x000000008d562bb0) thrown at [./src/hotspot/share/prims/jni.cpp, line 615]
Event: 7791.399 Thread 0x000002d1545ad800 Exception <a 'sun/nio/fs/WindowsException'{0x000000008d58b690}> (0x000000008d58b690) thrown at [./src/hotspot/share/prims/jni.cpp, line 615]
Event: 7791.423 Thread 0x000002d1545ad800 Exception <a 'sun/nio/fs/WindowsException'{0x0000000091b0f4c0}> (0x0000000091b0f4c0) thrown at [./src/hotspot/share/prims/jni.cpp, line 615]
Event: 7791.461 Thread 0x000002d15327e000 Exception <a 'java/lang/NoSuchMethodError'{0x000000009190c4a8}: <clinit>> (0x000000009190c4a8) thrown at [./src/hotspot/share/prims/jni.cpp, line 1362]
Event: 7791.462 Thread 0x000002d15327e000 Exception <a 'java/lang/NoSuchMethodError'{0x000000009193e4d8}: <clinit>> (0x000000009193e4d8) thrown at [./src/hotspot/share/prims/jni.cpp, line 1362]
Event: 7791.741 Thread 0x000002d153278000 Exception <a 'java/io/FileNotFoundException'{0x000000009198aec0}> (0x000000009198aec0) thrown at [./src/hotspot/share/prims/jni.cpp, line 615]
Event: 7791.750 Thread 0x000002d153278000 Exception <a 'java/io/FileNotFoundException'{0x000000009181ddd0}> (0x000000009181ddd0) thrown at [./src/hotspot/share/prims/jni.cpp, line 615]
Event: 7792.266 Thread 0x000002d152668800 Implicit null exception at 0x000002d142167250 to 0x000002d142167264
Event: 7797.955 Thread 0x000002d1545ad800 Exception <a 'sun/nio/fs/WindowsException'{0x0000000090b67618}> (0x0000000090b67618) thrown at [./src/hotspot/share/prims/jni.cpp, line 615]
Event: 7797.977 Thread 0x000002d1545a8800 Exception <a 'sun/nio/fs/WindowsException'{0x000000008fcdebf8}> (0x000000008fcdebf8) thrown at [./src/hotspot/share/prims/jni.cpp, line 615]
Event: 7798.050 Thread 0x000002d1545a2800 Exception <a 'sun/nio/fs/WindowsException'{0x000000008db10b08}> (0x000000008db10b08) thrown at [./src/hotspot/share/prims/jni.cpp, line 615]
Event: 7798.118 Thread 0x000002d1545ad800 Exception <a 'sun/nio/fs/WindowsException'{0x00000000912e4540}> (0x00000000912e4540) thrown at [./src/hotspot/share/prims/jni.cpp, line 615]
Event: 7798.153 Thread 0x000002d1545ab000 Exception <a 'sun/nio/fs/WindowsException'{0x000000009093dc58}> (0x000000009093dc58) thrown at [./src/hotspot/share/prims/jni.cpp, line 615]
Event: 7798.721 Thread 0x000002d1545a2800 Implicit null exception at 0x000002d142a67ad6 to 0x000002d142a67ddc
Event: 7798.943 Thread 0x000002d1545ad800 Exception <a 'sun/nio/fs/WindowsException'{0x0000000090004578}> (0x0000000090004578) thrown at [./src/hotspot/share/prims/jni.cpp, line 615]
Event: 7798.992 Thread 0x000002d1545a8800 Exception <a 'java/lang/NoSuchMethodError'{0x000000008f710ac0}: 'int java.lang.invoke.DirectMethodHandle$Holder.invokeInterface(java.lang.Object, java.lang.Object, int)'> (0x000000008f710ac0) thrown at [./src/hotspot/share/interpreter/linkResolver.cpp, line 773]
Event: 7801.465 Thread 0x000002d1545ad800 Exception <a 'sun/nio/fs/WindowsException'{0x0000000095aa9400}> (0x0000000095aa9400) thrown at [./src/hotspot/share/prims/jni.cpp, line 615]
Event: 7801.950 Thread 0x000002d1545a8800 Implicit null exception at 0x000002d142703d14 to 0x000002d142708af8
Event: 7802.111 Thread 0x000002d1545ad800 Exception <a 'sun/nio/fs/WindowsException'{0x0000000092cf3d18}> (0x0000000092cf3d18) thrown at [./src/hotspot/share/prims/jni.cpp, line 615]

Events (20 events):
Event: 7801.444 loading class com/android/tools/r8/graph/G$j done
Event: 7801.444 loading class com/android/tools/r8/graph/G$j
Event: 7801.444 loading class com/android/tools/r8/graph/G$j done
Event: 7801.445 loading class com/android/tools/r8/graph/G$j
Event: 7801.445 loading class com/android/tools/r8/graph/G$j done
Event: 7801.445 loading class com/android/tools/r8/graph/G$j
Event: 7801.445 loading class com/android/tools/r8/graph/G$j done
Event: 7801.704 loading class com/android/tools/r8/internal/Fg
Event: 7801.704 loading class com/android/tools/r8/internal/Fg done
Event: 7801.705 loading class com/android/tools/r8/internal/Fg
Event: 7801.705 loading class com/android/tools/r8/internal/Fg done
Event: 7801.705 loading class com/android/tools/r8/internal/Fg
Event: 7801.705 loading class com/android/tools/r8/internal/Fg done
Event: 7801.710 Executing VM operation: CGC_Operation
Event: 7801.740 Executing VM operation: CGC_Operation done
Event: 7801.882 Executing VM operation: CGC_Operation
Event: 7801.882 Executing VM operation: CGC_Operation done
Event: 7801.983 Executing VM operation: G1CollectForAllocation
Event: 7801.996 Executing VM operation: G1CollectForAllocation done
Event: 7802.255 Executing VM operation: G1CollectForAllocation


Dynamic libraries:
0x00007ff65f120000 - 0x00007ff65f12a000 	C:\Program Files\Android\Android Studio\jre\bin\java.exe
0x00007fff513d0000 - 0x00007fff515c5000 	C:\Windows\SYSTEM32\ntdll.dll
0x00007fff50640000 - 0x00007fff506fe000 	C:\Windows\System32\KERNEL32.DLL
0x00007fff4ec20000 - 0x00007fff4eee9000 	C:\Windows\System32\KERNELBASE.dll
0x00007fff4f0a0000 - 0x00007fff4f1a0000 	C:\Windows\System32\ucrtbase.dll
0x00007fff47580000 - 0x00007fff47597000 	C:\Program Files\Android\Android Studio\jre\bin\VCRUNTIME140.dll
0x00007fff36f90000 - 0x00007fff36fa9000 	C:\Program Files\Android\Android Studio\jre\bin\jli.dll
0x00007fff51030000 - 0x00007fff511d1000 	C:\Windows\System32\USER32.dll
0x00007fff3a120000 - 0x00007fff3a3ba000 	C:\Windows\WinSxS\amd64_microsoft.windows.common-controls_6595b64144ccf1df_6.0.19041.1110_none_60b5254171f9507e\COMCTL32.dll
0x00007fff4eba0000 - 0x00007fff4ebc2000 	C:\Windows\System32\win32u.dll
0x00007fff4f8e0000 - 0x00007fff4f97e000 	C:\Windows\System32\msvcrt.dll
0x00007fff4fa50000 - 0x00007fff4fa7b000 	C:\Windows\System32\GDI32.dll
0x00007fff4ef90000 - 0x00007fff4f09b000 	C:\Windows\System32\gdi32full.dll
0x00007fff4eef0000 - 0x00007fff4ef8d000 	C:\Windows\System32\msvcp_win.dll
0x00007fff4f430000 - 0x00007fff4f460000 	C:\Windows\System32\IMM32.DLL
0x00007fff36540000 - 0x00007fff365dd000 	C:\Program Files\Android\Android Studio\jre\bin\msvcp140.dll
0x00007fff10470000 - 0x00007fff10f3f000 	C:\Program Files\Android\Android Studio\jre\bin\server\jvm.dll
0x00007fff4f9a0000 - 0x00007fff4fa4c000 	C:\Windows\System32\ADVAPI32.dll
0x00007fff50700000 - 0x00007fff5079b000 	C:\Windows\System32\sechost.dll
0x00007fff511e0000 - 0x00007fff5130a000 	C:\Windows\System32\RPCRT4.dll
0x00007fff50c10000 - 0x00007fff50c18000 	C:\Windows\System32\PSAPI.DLL
0x00007fff474b0000 - 0x00007fff474b9000 	C:\Windows\SYSTEM32\WSOCK32.dll
0x00007fff3eba0000 - 0x00007fff3ebc7000 	C:\Windows\SYSTEM32\WINMM.dll
0x00007fff47f60000 - 0x00007fff47f6a000 	C:\Windows\SYSTEM32\VERSION.dll
0x00007fff4fc70000 - 0x00007fff4fcdb000 	C:\Windows\System32\WS2_32.dll
0x00007fff4c930000 - 0x00007fff4c942000 	C:\Windows\SYSTEM32\kernel.appcore.dll
0x00007fff37260000 - 0x00007fff37271000 	C:\Program Files\Android\Android Studio\jre\bin\verify.dll
0x00007fff3c5b0000 - 0x00007fff3c794000 	C:\Windows\SYSTEM32\DBGHELP.DLL
0x00007fff3b570000 - 0x00007fff3b59c000 	C:\Windows\SYSTEM32\dbgcore.DLL
0x00007fff4f1d0000 - 0x00007fff4f253000 	C:\Windows\System32\bcryptPrimitives.dll
0x00007fff2d7d0000 - 0x00007fff2d7f9000 	C:\Program Files\Android\Android Studio\jre\bin\java.dll
0x00007fff474a0000 - 0x00007fff474ab000 	C:\Program Files\Android\Android Studio\jre\bin\jimage.dll
0x00007fff320b0000 - 0x00007fff320c8000 	C:\Program Files\Android\Android Studio\jre\bin\zip.dll
0x00007fff4ff00000 - 0x00007fff5063f000 	C:\Windows\System32\SHELL32.dll
0x00007fff4cc10000 - 0x00007fff4d3a0000 	C:\Windows\SYSTEM32\windows.storage.dll
0x00007fff50cd0000 - 0x00007fff51025000 	C:\Windows\System32\combase.dll
0x00007fff4e540000 - 0x00007fff4e56c000 	C:\Windows\SYSTEM32\Wldp.dll
0x00007fff50c20000 - 0x00007fff50ccd000 	C:\Windows\System32\SHCORE.dll
0x00007fff4fae0000 - 0x00007fff4fb35000 	C:\Windows\System32\shlwapi.dll
0x00007fff4ea30000 - 0x00007fff4ea4f000 	C:\Windows\SYSTEM32\profapi.dll
0x00007fff30bb0000 - 0x00007fff30bca000 	C:\Program Files\Android\Android Studio\jre\bin\net.dll
0x00007fff45f70000 - 0x00007fff46078000 	C:\Windows\SYSTEM32\WINHTTP.dll
0x00007fff4e2a0000 - 0x00007fff4e30a000 	C:\Windows\system32\mswsock.dll
0x00007fff2c0c0000 - 0x00007fff2c0d4000 	C:\Program Files\Android\Android Studio\jre\bin\nio.dll
0x00007fff474d0000 - 0x00007fff474f7000 	C:\Users\Danish\.gradle\native\8bec1ad78214c89d9ad589b4d07fe93259594b29d510b10fafb7a158f7737e5d\windows-amd64\native-platform.dll
0x00007fff3be40000 - 0x00007fff3bf7d000 	C:\Users\Danish\.gradle\native\53dbd7edfb1c66fb8903c78663c9afc45aea4f116125fa6feffd364cf09443e8\windows-amd64\native-platform-file-events.dll
0x00007fff3b7f0000 - 0x00007fff3b7fa000 	C:\Program Files\Android\Android Studio\jre\bin\management.dll
0x00007fff37250000 - 0x00007fff3725c000 	C:\Program Files\Android\Android Studio\jre\bin\management_ext.dll
0x00007fff4e4a0000 - 0x00007fff4e4b8000 	C:\Windows\SYSTEM32\CRYPTSP.dll
0x00007fff4db50000 - 0x00007fff4db84000 	C:\Windows\system32\rsaenh.dll
0x00007fff4f1a0000 - 0x00007fff4f1c7000 	C:\Windows\System32\bcrypt.dll
0x00007fff4e9f0000 - 0x00007fff4ea1e000 	C:\Windows\SYSTEM32\USERENV.dll
0x00007fff4e490000 - 0x00007fff4e49c000 	C:\Windows\SYSTEM32\CRYPTBASE.dll
0x00007fff4df20000 - 0x00007fff4df5b000 	C:\Windows\SYSTEM32\IPHLPAPI.DLL
0x00007fff4f420000 - 0x00007fff4f428000 	C:\Windows\System32\NSI.dll
0x00007fff48930000 - 0x00007fff48947000 	C:\Windows\SYSTEM32\dhcpcsvc6.DLL
0x00007fff49080000 - 0x00007fff4909d000 	C:\Windows\SYSTEM32\dhcpcsvc.DLL
0x00007fff4df90000 - 0x00007fff4e05c000 	C:\Windows\SYSTEM32\DNSAPI.dll
0x00007fff19840000 - 0x00007fff19867000 	C:\Program Files\Android\Android Studio\jre\bin\sunec.dll
0x00007fff3e760000 - 0x00007fff3e76a000 	C:\Windows\System32\rasadhlp.dll
0x00007fff438e0000 - 0x00007fff4395f000 	C:\Windows\System32\fwpuclnt.dll

dbghelp: loaded successfully - version: 4.0.5 - missing functions: none
symbol engine: initialized successfully - sym options: 0x614 - pdb path: .;C:\Program Files\Android\Android Studio\jre\bin;C:\Windows\SYSTEM32;C:\Windows\WinSxS\amd64_microsoft.windows.common-controls_6595b64144ccf1df_6.0.19041.1110_none_60b5254171f9507e;C:\Program Files\Android\Android Studio\jre\bin\server;C:\Users\Danish\.gradle\native\8bec1ad78214c89d9ad589b4d07fe93259594b29d510b10fafb7a158f7737e5d\windows-amd64;C:\Users\Danish\.gradle\native\53dbd7edfb1c66fb8903c78663c9afc45aea4f116125fa6feffd364cf09443e8\windows-amd64

VM Arguments:
jvm_args: --add-opens=java.base/java.util=ALL-UNNAMED --add-opens=java.base/java.lang=ALL-UNNAMED --add-opens=java.base/java.lang.invoke=ALL-UNNAMED --add-opens=java.base/java.util=ALL-UNNAMED --add-opens=java.prefs/java.util.prefs=ALL-UNNAMED --add-opens=java.prefs/java.util.prefs=ALL-UNNAMED --add-opens=java.base/java.nio.charset=ALL-UNNAMED --add-opens=java.base/java.net=ALL-UNNAMED --add-opens=java.base/java.util.concurrent.atomic=ALL-UNNAMED -Xmx2048m -Dfile.encoding=UTF-8 -Duser.country=ID -Duser.language=en -Duser.variant 
java_command: org.gradle.launcher.daemon.bootstrap.GradleDaemon 7.0.2
java_class_path (initial): C:\Users\Danish\.gradle\wrapper\dists\gradle-7.0.2-bin\857tjihv64xamwrf0h14cai3r\gradle-7.0.2\lib\gradle-launcher-7.0.2.jar
Launcher Type: SUN_STANDARD

[Global flags]
     intx CICompilerCount                          = 3                                         {product} {ergonomic}
     uint ConcGCThreads                            = 1                                         {product} {ergonomic}
     uint G1ConcRefinementThreads                  = 4                                         {product} {ergonomic}
   size_t G1HeapRegionSize                         = 1048576                                   {product} {ergonomic}
    uintx GCDrainStackTargetSize                   = 64                                        {product} {ergonomic}
   size_t InitialHeapSize                          = 134217728                                 {product} {ergonomic}
   size_t MarkStackSize                            = 4194304                                   {product} {ergonomic}
   size_t MaxHeapSize                              = 2147483648                                {product} {command line}
   size_t MaxNewSize                               = 1287651328                                {product} {ergonomic}
   size_t MinHeapDeltaBytes                        = 1048576                                   {product} {ergonomic}
    uintx NonNMethodCodeHeapSize                   = 5830732                                {pd product} {ergonomic}
    uintx NonProfiledCodeHeapSize                  = 122913754                              {pd product} {ergonomic}
    uintx ProfiledCodeHeapSize                     = 122913754                              {pd product} {ergonomic}
    uintx ReservedCodeCacheSize                    = 251658240                              {pd product} {ergonomic}
     bool SegmentedCodeCache                       = true                                      {product} {ergonomic}
     bool UseCompressedClassPointers               = true                                 {lp64_product} {ergonomic}
     bool UseCompressedOops                        = true                                 {lp64_product} {ergonomic}
     bool UseG1GC                                  = true                                      {product} {ergonomic}
     bool UseLargePagesIndividualAllocation        = false                                  {pd product} {ergonomic}

Logging:
Log output configuration:
 #0: stdout all=warning uptime,level,tags
 #1: stderr all=off uptime,level,tags

Environment Variables:
PATH=C:\Windows\system32;C:\Windows;C:\Windows\System32\Wbem;C:\Windows\System32\WindowsPowerShell\v1.0\;C:\Windows\System32\OpenSSH\;C:\Program Files\dotnet\;C:\Program Files\Git\cmd;C:\xampp\php;C:\ProgramData\ComposerSetup\bin;C:\Program Files (x86)\NVIDIA Corporation\PhysX\Common;C:\Users\Danish\AppData\Local\Microsoft\WindowsApps;C:\Users\Danish\.dotnet\tools;C:\Users\Danish\AppData\Local\Programs\Microsoft VS Code\bin;C:\Users\Danish\AppData\Roaming\Composer\vendor\bin
USERNAME=Danish
OS=Windows_NT
PROCESSOR_IDENTIFIER=Intel64 Family 6 Model 58 Stepping 9, GenuineIntel



---------------  S Y S T E M  ---------------

OS: Windows 10 , 64 bit Build 19041 (10.0.19041.1202)
OS uptime: 0 days 3:05 hours

CPU:total 4 (initial active 4) (4 cores per cpu, 1 threads per core) family 6 model 58 stepping 9 microcode 0x21, cmov, cx8, fxsr, mmx, sse, sse2, sse3, ssse3, sse4.1, sse4.2, popcnt, avx, aes, clmul, erms, tsc, tscinvbit, tscinv

Memory: 4k page, system-wide physical 8138M (1303M free)
TotalPageFile size 8138M (AvailPageFile size 48M)
current process WorkingSet (physical memory assigned to process): 777M, peak: 779M
current process commit charge ("private bytes"): 904M, peak: 972M

vm_info: OpenJDK 64-Bit Server VM (11.0.10+0-b96-7249189) for windows-amd64 JRE (11.0.10+0-b96-7249189), built on Mar 31 2021 21:44:00 by "builder" with MS VC++ 14.0 (VS2015)

END.
